This is LuaHBTeX, Version 1.18.0 (TeX Live 2024)  (format=lualatex 2025.2.5)  28 MAR 2025 11:41
 restricted system commands enabled.
**C:/Users/samantha.schiano/Documents/GitHub/quarto-accessibility-reprex/accessibility_reprex.tex
(c:/Users/samantha.schiano/Documents/GitHub/quarto-accessibility-reprex/accessibility_reprex.tex
LaTeX2e <2024-11-01> patch level 2
L3 programming layer <2025-01-18>
Lua module: luaotfload 2024-02-14 v3.28 Lua based OpenType font support
Lua module: lualibs 2023-07-13 v2.76 ConTeXt Lua standard libraries.
Lua module: lualibs-extended 2023-07-13 v2.76 ConTeXt Lua libraries -- extended collection.
luaotfload | conf : Root cache directory is "C:/Users/samantha.schiano/AppData/Roaming/TinyTeX/texmf-var/luatex-cache/generic/names".
luaotfload | init : Loading fontloader "fontloader-2023-12-28.lua" from kpse-resolved path "c:/Users/samantha.schiano/AppData/Roaming/TinyTeX/texmf-dist/tex/luatex/luaotfload/fontloader-2023-12-28.lua".
Lua-only attribute luaotfload@noligature = 1
luaotfload | init : Context OpenType loader version 3.134
Inserting `luaotfload.node_processor' in `pre_linebreak_filter'.
Inserting `luaotfload.node_processor' in `hpack_filter'.
Inserting `luaotfload.glyph_stream' in `glyph_stream_provider'.
Inserting `luaotfload.define_font' in `define_font'.
Lua-only attribute luaotfload_color_attribute = 2
luaotfload | conf : Root cache directory is "C:/Users/samantha.schiano/AppData/Roaming/TinyTeX/texmf-var/luatex-cache/generic/names".
Inserting `luaotfload.harf.strip_prefix' in `find_opentype_file'.
Inserting `luaotfload.harf.strip_prefix' in `find_truetype_file'.
Removing  `luaotfload.glyph_stream' from `glyph_stream_provider'.
Inserting `luaotfload.harf.glyphstream' in `glyph_stream_provider'.
Inserting `luaotfload.harf.finalize_vlist' in `post_linebreak_filter'.
Inserting `luaotfload.harf.finalize_hlist' in `hpack_filter'.
Inserting `luaotfload.cleanup_files' in `wrapup_run'.
Inserting `luaotfload.harf.finalize_unicode' in `finish_pdffile'.
Inserting `luaotfload.glyphinfo' in `glyph_info'.
Lua-only attribute luaotfload.letterspace_done = 3
Inserting `luaotfload.aux.set_sscale_dimens' in `luaotfload.patch_font'.
Inserting `luaotfload.aux.set_font_index' in `luaotfload.patch_font'.
Inserting `luaotfload.aux.patch_cambria_domh' in `luaotfload.patch_font'.
Inserting `luaotfload.aux.fixup_fontdata' in `luaotfload.patch_font_unsafe'.
Inserting `luaotfload.aux.set_capheight' in `luaotfload.patch_font'.
Inserting `luaotfload.aux.set_xheight' in `luaotfload.patch_font'.
Inserting `luaotfload.rewrite_fontname' in `luaotfload.patch_font'.
Inserting `tracingstacklevels' in `input_level_string'. (./accessibility.tex (c:/Users/samantha.schiano/AppData/Roaming/TinyTeX/texmf-dist/tex/latex/latex-lab/documentmetadata-support.ltx (c:/Users/samantha.schiano/AppData/Roaming/TinyTeX/texmf-dist/tex/latex/pdfmanagement-testphase/pdfmanagement-testphase.sty
Package: pdfmanagement-testphase 2025-02-15 v0.96p LaTeX PDF management testphase bundle
(c:/Users/samantha.schiano/AppData/Roaming/TinyTeX/texmf-dist/tex/latex/tagpdf/tagpdf-base.sty
Package: tagpdf-base 2025-02-17 v0.99m part of tagpdf - provide base, no-op versions of the user commands 
\c@g__tag_MCID_abs_int=\count194
\c@g__tag_struct_abs_int=\count195
) (c:/Users/samantha.schiano/AppData/Roaming/TinyTeX/texmf-dist/tex/latex/pdfmanagement-testphase/pdfmanagement-testphase.ltx
File: pdfmanagement-testphase.ltx 2025-02-15 v0.96p PDF management code (testphase)
\g__pdfmanagement_EmbeddedFiles_int=\count196
\l__pdfmeta_xmp_indent_int=\count197
\g_pdffile_embed_pdfa_int=\count198
\g_pdffile_embed_nonpdfa_int=\count199
))) (c:/Users/samantha.schiano/AppData/Roaming/TinyTeX/texmf-dist/tex/latex/l3backend/l3backend-luatex.def
File: l3backend-luatex.def 2024-05-08 L3 backend support: PDF output (LuaTeX)
\l__color_backend_stack_int=\count266
Inserting `l3color' in `luaotfload.parse_color'.
Inserting `l3opacity' in `luaotfload.parse_transparent'.
\l__pdf_internal_box=\box52
) (c:/Users/samantha.schiano/AppData/Roaming/TinyTeX/texmf-dist/tex/latex/pdfmanagement-testphase/l3backend-testphase-luatex.def
File: l3backend-testphase-luatex.def 2025-02-15 LaTeX PDF management testphase bundle backend support:PDFoutput(LuaTeX)
\l__pdf_backend_tmpa_box=\box53
\l__pdf_backend_tmpb_box=\box54
\g__pdf_backend_resourceid_int=\count267
\g__pdf_backend_name_int=\count268
\g__pdf_backend_page_int=\count269
) (c:/Users/samantha.schiano/AppData/Roaming/TinyTeX/texmf-dist/tex/latex/latex-lab/phase-III-latex-lab-testphase.ltx
File: phase-III-latex-lab-testphase.ltx 2024-02-12 v0.1c latex-lab wrapper phase-III
(c:/Users/samantha.schiano/AppData/Roaming/TinyTeX/texmf-dist/tex/latex/latex-lab/phase-II-latex-lab-testphase.ltx
File: phase-II-latex-lab-testphase.ltx 2023-06-15 v0.1b latex-lab wrapper phase-II
(c:/Users/samantha.schiano/AppData/Roaming/TinyTeX/texmf-dist/tex/latex/latex-lab/latex-lab-testphase-new-or-1.sty
Package: latex-lab-testphase-new-or-1 2023-07-20 v0.85a Temporary output patches for tagging and better link support
(c:/Users/samantha.schiano/AppData/Roaming/TinyTeX/texmf-dist/tex/latex/etoolbox/etoolbox.sty
Package: etoolbox 2025/02/11 v2.5l e-TeX tools for LaTeX (JAW)
\etb@tempcnta=\count270
)
Patching header in \@outputpage
Patching footer in \@outputpage
Patching \@makecol for tagging
Patching \@makecol for tagging
) (c:/Users/samantha.schiano/AppData/Roaming/TinyTeX/texmf-dist/tex/latex/latex-lab/latex-lab-testphase-new-or-2.sty
Package: latex-lab-testphase-new-or-2 2023-09-04 v0.85c Changes to the output routine
\@outputbox@depth=\dimen140
(c:/Users/samantha.schiano/AppData/Roaming/TinyTeX/texmf-dist/tex/latex/latex-lab/latex-lab-footnotes.ltx
File: latex-lab-footnotes.ltx 2024-09-30 v0.8g changes to the footnote interfaces
\footnotemargin=\dimen141
)) (c:/Users/samantha.schiano/AppData/Roaming/TinyTeX/texmf-dist/tex/latex/tagpdf/tagpdf.sty
Package: tagpdf 2025-02-17 v0.99m  LaTeX kernel code for PDF tagging 
\l__tag_tmpa_int=\count271
\l__tag_tmpa_box=\box55
\l__tag_tmpb_box=\box56
\l__tag_loglevel_int=\count272
\l__tag_tag_stop_int=\count273
(c:/Users/samantha.schiano/AppData/Roaming/TinyTeX/texmf-dist/tex/latex/tagpdf/tagpdf-luatex.def
File: tagpdf-luatex.def 2025-02-17 v0.99m tagpdf driver for luatex
luaotfload | db : Font names database loaded from C:/Users/samantha.schiano/AppData/Roaming/TinyTeX/texmf-var/luatex-cache/generic/names/luaotfload-names.luc.gz
Lua module: tagpdf 2025-02-17 v0.99m tagpdf lua code
Lua-only attribute g__tag_mc_type_attr = 4
Lua-only attribute g__tag_mc_cnt_attr = 5
Lua-only attribute g__tag_interwordspaceOff_attr = 6
Lua-only attribute g__tag_interwordspace_attr = 7
Lua-only attribute g__tag_interwordfont_attr = 8
Inserting `tagpdf.rewrite-softhyphen' in `pre_shaping_filter'.
Inserting `tagpdf.rewrite-softhyphen' in `post_shaping_filter'.) (c:/Users/samantha.schiano/AppData/Roaming/TinyTeX/texmf-dist/tex/latex/tagpdf/tagpdf-mc-code-lua.sty
Package: tagpdf-mc-code-lua 2025-02-17 v0.99m tagpdf - mc code only for the luamode 
)
\g__tag_tree_id_pad_int=\count274
\c@g__tag_parenttree_obj_int=\count275

Package tagpdf Info: reading namespace definitions tagpdf-ns-pdf.def


Package tagpdf Info: reading namespace definitions tagpdf-ns-pdf2.def


Package tagpdf Info: reading namespace definitions tagpdf-ns-mathml.def


Package tagpdf Info: reading namespace definitions tagpdf-ns-latex-book.def


Package tagpdf Info: reading namespace definitions tagpdf-ns-latex.def


Package tagpdf Info: reading namespace definitions tagpdf-ns-latex-lab.def


Package tagpdf Info: reading namespace definitions tagpdf-ns-pdf.def


Package tagpdf Info: reading namespace definitions tagpdf-ns-pdf2.def

\g__tag_struct_AFobj_int=\count276
\g__tag_para_begin_int=\count277
\g__tag_para_end_int=\count278
\g__tag_para_main_begin_int=\count279
\g__tag_para_main_end_int=\count280
)
Inserting `markspaces' in `pre_linebreak_filter'.
Inserting `markspaces' in `hpack_filter'.) (c:/Users/samantha.schiano/AppData/Roaming/TinyTeX/texmf-dist/tex/latex/latex-lab/latex-lab-testphase-block.sty
Package: latex-lab-testphase-block 2024-10-11 v0.8v blockenv implementation
(c:/Users/samantha.schiano/AppData/Roaming/TinyTeX/texmf-dist/tex/latex/latex-lab/latex-lab-kernel-changes.sty
Package: latex-lab-kernel-changes 2024-07-11 v0.85d General kernel and class changes
(c:/Users/samantha.schiano/AppData/Roaming/TinyTeX/texmf-dist/tex/generic/pdftex/glyphtounicode.tex) (c:/Users/samantha.schiano/AppData/Roaming/TinyTeX/texmf-dist/tex/latex/latex-lab/glyphtounicode-cmex.tex))

LaTeX template Info: Declaring template type 'blockenv' taking 1 argument(s)
(template)           on line 61.


LaTeX template Info: Declaring template type 'block' taking 1 argument(s) on
(template)           line 62.


LaTeX template Info: Declaring template type 'para' taking 1 argument(s) on
(template)           line 63.


LaTeX template Info: Declaring template type 'list' taking 1 argument(s) on
(template)           line 64.


LaTeX template Info: Declaring template type 'item' taking 1 argument(s) on
(template)           line 65.

\c@maxblocklevels=\count281
\l__par_start_skip=\skip49
\l__block_botsep_skip=\skip50
\l__block_parbotsep_skip=\skip51
\l__block_counter_start_int=\count282
\l__block_one_label_box=\box57
\g__block_labels_box=\box58
\l__block_tmpa_skip=\skip52
\l__block_topsepadd_skip=\skip53
\l__block_effective_top_skip=\skip54
LaTeX Info: Redefining \centering on input line 1210.
LaTeX Info: Redefining \raggedleft on input line 1211.
LaTeX Info: Redefining \raggedright on input line 1212.
LaTeX Info: Redefining \begin on input line 1474.
) (c:/Users/samantha.schiano/AppData/Roaming/TinyTeX/texmf-dist/tex/latex/latex-lab/latex-lab-testphase-sec.sty
Package: latex-lab-testphase-sec 2024-10-04 v0.84f Code related to the tagging of sectioning commands
) (c:/Users/samantha.schiano/AppData/Roaming/TinyTeX/texmf-dist/tex/latex/latex-lab/latex-lab-testphase-toc.sty
Package: latex-lab-testphase-toc 2024-09-26 v0.85e  Code related to the tagging of toc-like lists
\g__tag_toc_level_int=\count283
) (c:/Users/samantha.schiano/AppData/Roaming/TinyTeX/texmf-dist/tex/latex/latex-lab/latex-lab-testphase-minipage.sty
Package: latex-lab-testphase-minipage 2024-09-18 v0.81e Code related to the tagging of minipages and parboxes
) (c:/Users/samantha.schiano/AppData/Roaming/TinyTeX/texmf-dist/tex/latex/latex-lab/latex-lab-testphase-graphic.sty
Package: latex-lab-testphase-graphic 2024-09-18 v0.80e Code related to the tagging of graphics
(c:/Users/samantha.schiano/AppData/Roaming/TinyTeX/texmf-dist/tex/latex/l3experimental/l3opacity/l3opacity.sty (c:/Users/samantha.schiano/AppData/Roaming/TinyTeX/texmf-dist/tex/latex/l3kernel/expl3.sty
Package: expl3 2025-01-18 L3 programming layer (loader) 
)
Package: l3opacity 2024-03-14 L3 Experimental opacity support
)
\g__tag_graphic_int=\count284
) (c:/Users/samantha.schiano/AppData/Roaming/TinyTeX/texmf-dist/tex/latex/latex-lab/latex-lab-testphase-float.sty
Package: latex-lab-testphase-float 2024-09-20 v0.81f Code related to the tagging of floats
\g__tag_float_int=\count285
) (c:/Users/samantha.schiano/AppData/Roaming/TinyTeX/texmf-dist/tex/latex/latex-lab/latex-lab-testphase-bib.sty
Package: latex-lab-testphase-bib 2024-07-05 v0.81b Code related to the tagging of bibliography and cite command
) (c:/Users/samantha.schiano/AppData/Roaming/TinyTeX/texmf-dist/tex/latex/latex-lab/latex-lab-testphase-text.sty
Package: latex-lab-testphase-text 2024-09-18 v0.85b Code related to the tagging of various small text commands
) (c:/Users/samantha.schiano/AppData/Roaming/TinyTeX/texmf-dist/tex/latex/latex-lab/latex-lab-testphase-marginpar.sty
Package: latex-lab-testphase-marginpar 2024-09-18 v0.85d Changes related to the tagging of the margin notes
\g__kernel_marginpar_int=\count286
)) (c:/Users/samantha.schiano/AppData/Roaming/TinyTeX/texmf-dist/tex/latex/latex-lab/math-latex-lab-testphase.ltx
File: math-latex-lab-testphase.ltx 2023-07-20 v0.8a latex-lab wrapper math
(c:/Users/samantha.schiano/AppData/Roaming/TinyTeX/texmf-dist/tex/latex/latex-lab/latex-lab-testphase-math.sty
Package: latex-lab-testphase-math 2023-07-20 v0.8a code related to the math tagging
(c:/Users/samantha.schiano/AppData/Roaming/TinyTeX/texmf-dist/tex/latex/latex-lab/latex-lab-math.ltx
File: latex-lab-math.ltx 2024-10-25 v0.6i Grab all the math(s) and tag it (experiments)
\l__math_tmpa_skip=\skip55
\g__math_mathml_total_int=\count287
\g__math_mathml_int=\count288
\g__math_math_total_int=\count289
\g__math_mathml_AF_found_int=\count290
\g__math_mathml_AF_attached_int=\count291
\l__math_tmpa_box=\box59
\l__math_mathstyle_int=\count292
\g__math_mathchoice_int=\count293
\l__math_grab_env_int=\count294
(c:/Users/samantha.schiano/AppData/Roaming/TinyTeX/texmf-dist/tex/latex/tools/array.sty
Package: array 2024/10/17 v2.6g Tabular extension package (FMi)
\col@sep=\dimen142
\ar@mcellbox=\box60
\extrarowheight=\dimen143
\NC@list=\toks17
\extratabsurround=\skip56
\backup@length=\skip57
\ar@cellbox=\box61
)) (c:/Users/samantha.schiano/AppData/Roaming/TinyTeX/texmf-dist/tex/latex/latex-lab/latex-lab-amsmath.ltx
File: latex-lab-amsmath.ltx 2024-09-18 v0.1c amsmath adaptions
) (c:/Users/samantha.schiano/AppData/Roaming/TinyTeX/texmf-dist/tex/latex/latex-lab/latex-lab-mathtools.ltx
File: latex-lab-mathtools.ltx 2024-07-13 v0.1a mathtools adaptions
) (c:/Users/samantha.schiano/AppData/Roaming/TinyTeX/texmf-dist/tex/latex/latex-lab/latex-lab-mathpkg.ltx
File: latex-lab-mathpkg.ltx 2023-01-05 v0.1a mathpkg adaptions
))) (c:/Users/samantha.schiano/AppData/Roaming/TinyTeX/texmf-dist/tex/latex/latex-lab/table-latex-lab-testphase.ltx
File: table-latex-lab-testphase.ltx 2024-09-18 v0.85n latex-lab wrapper table
(c:/Users/samantha.schiano/AppData/Roaming/TinyTeX/texmf-dist/tex/latex/latex-lab/latex-lab-testphase-table.sty
Package: latex-lab-testphase-table 2024-09-18 v0.85n Code related to the tagging of tables
)) (c:/Users/samantha.schiano/AppData/Roaming/TinyTeX/texmf-dist/tex/latex/latex-lab/title-latex-lab-testphase.ltx
File: title-latex-lab-testphase.ltx 2024-02-09 v0.85c Changes related to the tagging of the title
(c:/Users/samantha.schiano/AppData/Roaming/TinyTeX/texmf-dist/tex/latex/latex-lab/latex-lab-testphase-title.sty
Package: latex-lab-testphase-title 2024-02-09 v0.85c Changes related to the tagging of the title
)) (c:/Users/samantha.schiano/AppData/Roaming/TinyTeX/texmf-dist/tex/latex/pdfmanagement-testphase/pdfmanagement-firstaid.sty
Package: pdfmanagement-firstaid 2025-02-15 v0.96p LaTeX PDF management testphase bundle / firstaid-patches

Package pdfmanagement Info: loading pdfmanagement firstaid code for pgf

)) (c:/Users/samantha.schiano/AppData/Roaming/TinyTeX/texmf-dist/tex/latex/koma-script/scrartcl.cls
Document Class: scrartcl 2024/10/24 v3.43 KOMA-Script document class (article)
(c:/Users/samantha.schiano/AppData/Roaming/TinyTeX/texmf-dist/tex/latex/koma-script/scrkbase.sty
Package: scrkbase 2024/10/24 v3.43 KOMA-Script package (KOMA-Script-dependent basics and keyval usage)
(c:/Users/samantha.schiano/AppData/Roaming/TinyTeX/texmf-dist/tex/latex/koma-script/scrbase.sty
Package: scrbase 2024/10/24 v3.43 KOMA-Script package (KOMA-Script-independent basics and keyval usage)
(c:/Users/samantha.schiano/AppData/Roaming/TinyTeX/texmf-dist/tex/latex/koma-script/scrlfile.sty
Package: scrlfile 2024/10/24 v3.43 KOMA-Script package (file load hooks)
(c:/Users/samantha.schiano/AppData/Roaming/TinyTeX/texmf-dist/tex/latex/koma-script/scrlfile-hook.sty
Package: scrlfile-hook 2024/10/24 v3.43 KOMA-Script package (using LaTeX hooks)
(c:/Users/samantha.schiano/AppData/Roaming/TinyTeX/texmf-dist/tex/latex/koma-script/scrlogo.sty
Package: scrlogo 2024/10/24 v3.43 KOMA-Script package (logo)
))) (c:/Users/samantha.schiano/AppData/Roaming/TinyTeX/texmf-dist/tex/latex/graphics/keyval.sty
Package: keyval 2022/05/29 v1.15 key=value parser (DPC)
\KV@toks@=\toks18
)
Applying: [2021/05/01] Usage of raw or classic option list on input line 254.
Already applied: [0000/00/00] Usage of raw or classic option list on input line 370.
)) (c:/Users/samantha.schiano/AppData/Roaming/TinyTeX/texmf-dist/tex/latex/koma-script/tocbasic.sty
Package: tocbasic 2024/10/24 v3.43 KOMA-Script package (handling toc-files)
\scr@dte@tocline@numberwidth=\skip58
\scr@dte@tocline@numbox=\box62
)
Package tocbasic Info: omitting babel extension for `toc'
(tocbasic)             because of feature `nobabel' available
(tocbasic)             for `toc' on input line 135.

LaTeX Warning: Command \@footnotemark  has changed.
               Check if current package is valid.

Class scrartcl Info: File `scrsize11pt.clo' used instead of
(scrartcl)           file `scrsize11.clo' to setup font sizes on input line 2466.
(c:/Users/samantha.schiano/AppData/Roaming/TinyTeX/texmf-dist/tex/latex/koma-script/scrsize11pt.clo
File: scrsize11pt.clo 2024/10/24 v3.43 KOMA-Script font size class option (11pt)
) (c:/Users/samantha.schiano/AppData/Roaming/TinyTeX/texmf-dist/tex/latex/koma-script/typearea.sty
Package: typearea 2024/10/24 v3.43 KOMA-Script package (type area)
\ta@bcor=\skip59
\ta@div=\count295
\ta@hblk=\skip60
\ta@vblk=\skip61
\ta@temp=\skip62
\footheight=\skip63
Package typearea Info: These are the values describing the layout:
(typearea)             DIV  = 10
(typearea)             BCOR = 0.0pt
(typearea)             \paperwidth      = 597.50793pt
(typearea)              \textwidth      = 418.25555pt
(typearea)              DIV departure   = -6%
(typearea)              \evensidemargin = 17.3562pt
(typearea)              \oddsidemargin  = 17.3562pt
(typearea)             \paperheight     = 845.04694pt
(typearea)              \textheight     = 595.80026pt
(typearea)              \topmargin      = -25.16531pt
(typearea)              \headheight     = 17.0pt
(typearea)              \headsep        = 20.40001pt
(typearea)              \topskip        = 11.0pt
(typearea)              \footskip       = 47.6pt
(typearea)              \baselineskip   = 13.6pt
(typearea)              on input line 1802.
)

Class scrartcl Warning: `\@startsection' has been changed.
(scrartcl)              scrartcl needs it's own definition of `\@startsection'
(scrartcl)              to provide extended features for the optional argument
(scrartcl)              of `\section' etc.
(scrartcl)              Generally it defines `\@startsection' completely new
(scrartcl)              to achieve this. Because of the unexpected definition
(scrartcl)              an alternative approach will be used.
(scrartcl)              If this fails and if there isn't a new release of
(scrartcl)              KOMA-Script that fixes the problem, please
(scrartcl)              send a report to the KOMA-Script author.
(scrartcl)              Note, that this alternative approach does not
(scrartcl)              execute the elements of do-hooks:
(scrartcl)                - `heading/postinit',
(scrartcl)                - `heading/branch/star',
(scrartcl)                - `heading/branch/nostar',
(scrartcl)              and does always use `runin=bysign' and
(scrartcl)              `afterindent=bysign'.


Class scrartcl Warning: Unexpected definition of \@sect!
(scrartcl)              Please send information about this to
(scrartcl)              the KOMA-Script maintainer!
(scrartcl)              Maybe LaTeX will be broken by the redefinition
(scrartcl)              of \@sect on input line 3579.


Class scrartcl Warning: Unexpected definition of \@ssect!
(scrartcl)              Please send information about this to
(scrartcl)              the KOMA-Script maintainer!
(scrartcl)              Maybe LaTeX will be broken by the redefinition
(scrartcl)              of \@ssect on input line 3777.


Class scrartcl Warning: Unexpected definition of \@xsect!
(scrartcl)              Please send information about this to
(scrartcl)              the KOMA-Script maintainer!
(scrartcl)              Maybe LaTeX will be broken by the redefinition
(scrartcl)              of \@xsect on input line 3858.

\c@part=\count296
\c@section=\count297
\c@subsection=\count298
\c@subsubsection=\count299
\c@paragraph=\count300
\c@subparagraph=\count301
\scr@dte@section@maxnumwidth=\skip64
Class scrartcl Info: using compatibility default `runin=bysign'
(scrartcl)           for `\section on input line 5107.
Class scrartcl Info: using compatibility default `afterindent=bysign'
(scrartcl)           for `\section on input line 5107.
\scr@dte@part@maxnumwidth=\skip65
Class scrartcl Info: using compatibility default `afterindent=false'
(scrartcl)           for `\part on input line 5115.
\scr@dte@subsection@maxnumwidth=\skip66
Class scrartcl Info: using compatibility default `runin=bysign'
(scrartcl)           for `\subsection on input line 5125.
Class scrartcl Info: using compatibility default `afterindent=bysign'
(scrartcl)           for `\subsection on input line 5125.
\scr@dte@subsubsection@maxnumwidth=\skip67
Class scrartcl Info: using compatibility default `runin=bysign'
(scrartcl)           for `\subsubsection on input line 5135.
Class scrartcl Info: using compatibility default `afterindent=bysign'
(scrartcl)           for `\subsubsection on input line 5135.
\scr@dte@paragraph@maxnumwidth=\skip68
Class scrartcl Info: using compatibility default `runin=bysign'
(scrartcl)           for `\paragraph on input line 5146.
Class scrartcl Info: using compatibility default `afterindent=bysign'
(scrartcl)           for `\paragraph on input line 5146.
\scr@dte@subparagraph@maxnumwidth=\skip69
Class scrartcl Info: using compatibility default `runin=bysign'
(scrartcl)           for `\subparagraph on input line 5156.
Class scrartcl Info: using compatibility default `afterindent=bysign'
(scrartcl)           for `\subparagraph on input line 5156.
\abovecaptionskip=\skip70
\belowcaptionskip=\skip71
\c@pti@nb@sid@b@x=\box63
Package tocbasic Info: omitting babel extension for `lof'
(tocbasic)             because of feature `nobabel' available
(tocbasic)             for `lof' on input line 6337.
\scr@dte@figure@maxnumwidth=\skip72
\c@figure=\count302
Package tocbasic Info: omitting babel extension for `lot'
(tocbasic)             because of feature `nobabel' available
(tocbasic)             for `lot' on input line 6353.
\scr@dte@table@maxnumwidth=\skip73
\c@table=\count303
Class scrartcl Info: Redefining `\numberline' on input line 6523.
\bibindent=\dimen144
) (c:/Users/samantha.schiano/AppData/Roaming/TinyTeX/texmf-dist/tex/latex/amsmath/amsmath.sty
Package: amsmath 2024/11/05 v2.17t AMS math features
\@mathmargin=\skip74
For additional information on amsmath, use the `?' option.
(c:/Users/samantha.schiano/AppData/Roaming/TinyTeX/texmf-dist/tex/latex/amsmath/amstext.sty
Package: amstext 2021/08/26 v2.01 AMS text
(c:/Users/samantha.schiano/AppData/Roaming/TinyTeX/texmf-dist/tex/latex/amsmath/amsgen.sty
File: amsgen.sty 1999/11/30 v2.0 generic functions
\@emptytoks=\toks19
\ex@=\dimen145
)) (c:/Users/samantha.schiano/AppData/Roaming/TinyTeX/texmf-dist/tex/latex/amsmath/amsbsy.sty
Package: amsbsy 1999/11/29 v1.2d Bold Symbols
\pmbraise@=\dimen146
) (c:/Users/samantha.schiano/AppData/Roaming/TinyTeX/texmf-dist/tex/latex/amsmath/amsopn.sty
Package: amsopn 2022/04/08 v2.04 operator names
)
\inf@bad=\count304
LaTeX Info: Redefining \frac on input line 235.
\uproot@=\count305
\leftroot@=\count306
LaTeX Info: Redefining \overline on input line 398.
LaTeX Info: Redefining \colon on input line 409.
\classnum@=\count307
\DOTSCASE@=\count308
LaTeX Info: Redefining \ldots on input line 495.
LaTeX Info: Redefining \dots on input line 498.
LaTeX Info: Redefining \cdots on input line 619.
\Mathstrutbox@=\box64
\strutbox@=\box65
LaTeX Info: Redefining \big on input line 721.
LaTeX Info: Redefining \Big on input line 722.
LaTeX Info: Redefining \bigg on input line 723.
LaTeX Info: Redefining \Bigg on input line 724.
\big@size=\dimen147
LaTeX Font Info:    Redeclaring font encoding OML on input line 742.
LaTeX Font Info:    Redeclaring font encoding OMS on input line 743.
\macc@depth=\count309
LaTeX Info: Redefining \bmod on input line 904.
LaTeX Info: Redefining \pmod on input line 909.
LaTeX Info: Redefining \smash on input line 939.
LaTeX Info: Redefining \relbar on input line 969.
LaTeX Info: Redefining \Relbar on input line 970.
\c@MaxMatrixCols=\count310
\dotsspace@=\muskip17
\c@parentequation=\count311
\dspbrk@lvl=\count312
\tag@help=\toks20
\row@=\count313
\column@=\count314
\maxfields@=\count315
\andhelp@=\toks21
\eqnshift@=\dimen148
\alignsep@=\dimen149
\tagshift@=\dimen150
\tagwidth@=\dimen151
\totwidth@=\dimen152
\lineht@=\dimen153
\@envbody=\toks22
\multlinegap=\skip75
\multlinetaggap=\skip76
\mathdisplay@stack=\toks23
LaTeX Info: Redefining \[ on input line 2953.
LaTeX Info: Redefining \] on input line 2954.
) (c:/Users/samantha.schiano/AppData/Roaming/TinyTeX/texmf-dist/tex/latex/amsfonts/amssymb.sty
Package: amssymb 2013/01/14 v3.01 AMS font symbols
(c:/Users/samantha.schiano/AppData/Roaming/TinyTeX/texmf-dist/tex/latex/amsfonts/amsfonts.sty
Package: amsfonts 2013/01/14 v3.01 Basic AMSFonts support
\symAMSa=\mathgroup4
\symAMSb=\mathgroup5
LaTeX Font Info:    Redeclaring math symbol \hbar on input line 98.
LaTeX Font Info:    Overwriting math alphabet `\mathfrak' in version `bold'
(Font)                  U/euf/m/n --> U/euf/b/n on input line 106.
)) (c:/Users/samantha.schiano/AppData/Roaming/TinyTeX/texmf-dist/tex/generic/iftex/iftex.sty
Package: iftex 2024/12/12 v1.0g TeX engine tests
) (c:/Users/samantha.schiano/AppData/Roaming/TinyTeX/texmf-dist/tex/latex/unicode-math/unicode-math.sty
Package: unicode-math 2023/08/13 v0.8r Unicode maths in XeLaTeX and LuaLaTeX
(c:/Users/samantha.schiano/AppData/Roaming/TinyTeX/texmf-dist/tex/latex/unicode-math/unicode-math-luatex.sty
Package: unicode-math-luatex 2023/08/13 v0.8r Unicode maths in XeLaTeX and LuaLaTeX
(c:/Users/samantha.schiano/AppData/Roaming/TinyTeX/texmf-dist/tex/latex/l3packages/xparse/xparse.sty
Package: xparse 2024-08-16 L3 Experimental document command parser
) (c:/Users/samantha.schiano/AppData/Roaming/TinyTeX/texmf-dist/tex/latex/l3packages/l3keys2e/l3keys2e.sty
Package: l3keys2e 2024-08-16 LaTeX2e option processing using LaTeX3 keys
) (c:/Users/samantha.schiano/AppData/Roaming/TinyTeX/texmf-dist/tex/latex/fontspec/fontspec.sty
Package: fontspec 2024/05/11 v2.9e Font selection for XeLaTeX and LuaLaTeX
Lua module: fontspec 2024/05/11 v2.9e Font selection for XeLaTeX and LuaLaTeX (c:/Users/samantha.schiano/AppData/Roaming/TinyTeX/texmf-dist/tex/latex/fontspec/fontspec-luatex.sty
Package: fontspec-luatex 2024/05/11 v2.9e Font selection for XeLaTeX and LuaLaTeX
\l__fontspec_script_int=\count316
\l__fontspec_language_int=\count317
\l__fontspec_strnum_int=\count318
\l__fontspec_tmp_int=\count319
\l__fontspec_tmpa_int=\count320
\l__fontspec_tmpb_int=\count321
\l__fontspec_tmpc_int=\count322
\l__fontspec_em_int=\count323
\l__fontspec_emdef_int=\count324
\l__fontspec_strong_int=\count325
\l__fontspec_strongdef_int=\count326
\l__fontspec_tmpa_dim=\dimen154
\l__fontspec_tmpb_dim=\dimen155
\l__fontspec_tmpc_dim=\dimen156
(c:/Users/samantha.schiano/AppData/Roaming/TinyTeX/texmf-dist/tex/latex/base/fontenc.sty
Package: fontenc 2021/04/29 v2.0v Standard LaTeX package
) (c:/Users/samantha.schiano/AppData/Roaming/TinyTeX/texmf-dist/tex/latex/fontspec/fontspec.cfg))) (c:/Users/samantha.schiano/AppData/Roaming/TinyTeX/texmf-dist/tex/latex/base/fix-cm.sty
Package: fix-cm 2020/11/24 v1.1t fixes to LaTeX
(c:/Users/samantha.schiano/AppData/Roaming/TinyTeX/texmf-dist/tex/latex/base/ts1enc.def
File: ts1enc.def 2001/06/05 v3.0e (jk/car/fm) Standard LaTeX file
LaTeX Font Info:    Redeclaring font encoding TS1 on input line 47.
)) (c:/Users/samantha.schiano/AppData/Roaming/TinyTeX/texmf-dist/tex/lualatex/lualatex-math/lualatex-math.sty
Package: lualatex-math 2022/01/01 v1.12 Patches for mathematics typesetting with LuaLaTeX
Lua module: lualatex-math 2013/08/03 v1.3 Patches for mathematics typesetting with LuaLaTeX)
\g__um_fam_int=\count327
\g__um_fonts_used_int=\count328
\l__um_primecount_int=\count329
\g__um_primekern_muskip=\muskip18
(c:/Users/samantha.schiano/AppData/Roaming/TinyTeX/texmf-dist/tex/latex/unicode-math/unicode-math-table.tex))) (c:/Users/samantha.schiano/AppData/Roaming/TinyTeX/texmf-dist/tex/latex/lm/lmodern.sty
Package: lmodern 2015/05/01 v1.6.1 Latin Modern Fonts
LaTeX Font Info:    Overwriting symbol font `operators' in version `normal'
(Font)                  OT1/cmr/m/n --> OT1/lmr/m/n on input line 22.
LaTeX Font Info:    Overwriting symbol font `letters' in version `normal'
(Font)                  OML/cmm/m/it --> OML/lmm/m/it on input line 23.
LaTeX Font Info:    Overwriting symbol font `symbols' in version `normal'
(Font)                  OMS/cmsy/m/n --> OMS/lmsy/m/n on input line 24.
LaTeX Font Info:    Overwriting symbol font `largesymbols' in version `normal'
(Font)                  OMX/cmex/m/n --> OMX/lmex/m/n on input line 25.
LaTeX Font Info:    Overwriting symbol font `operators' in version `bold'
(Font)                  OT1/cmr/bx/n --> OT1/lmr/bx/n on input line 26.
LaTeX Font Info:    Overwriting symbol font `letters' in version `bold'
(Font)                  OML/cmm/b/it --> OML/lmm/b/it on input line 27.
LaTeX Font Info:    Overwriting symbol font `symbols' in version `bold'
(Font)                  OMS/cmsy/b/n --> OMS/lmsy/b/n on input line 28.
LaTeX Font Info:    Overwriting symbol font `largesymbols' in version `bold'
(Font)                  OMX/cmex/m/n --> OMX/lmex/m/n on input line 29.
LaTeX Font Info:    Overwriting math alphabet `\mathbf' in version `normal'
(Font)                  OT1/cmr/bx/n --> OT1/lmr/bx/n on input line 31.
LaTeX Font Info:    Overwriting math alphabet `\mathsf' in version `normal'
(Font)                  OT1/cmss/m/n --> OT1/lmss/m/n on input line 32.
LaTeX Font Info:    Overwriting math alphabet `\mathit' in version `normal'
(Font)                  OT1/cmr/m/it --> OT1/lmr/m/it on input line 33.
LaTeX Font Info:    Overwriting math alphabet `\mathtt' in version `normal'
(Font)                  OT1/cmtt/m/n --> OT1/lmtt/m/n on input line 34.
LaTeX Font Info:    Overwriting math alphabet `\mathbf' in version `bold'
(Font)                  OT1/cmr/bx/n --> OT1/lmr/bx/n on input line 35.
LaTeX Font Info:    Overwriting math alphabet `\mathsf' in version `bold'
(Font)                  OT1/cmss/bx/n --> OT1/lmss/bx/n on input line 36.
LaTeX Font Info:    Overwriting math alphabet `\mathit' in version `bold'
(Font)                  OT1/cmr/bx/it --> OT1/lmr/bx/it on input line 37.
LaTeX Font Info:    Overwriting math alphabet `\mathtt' in version `bold'
(Font)                  OT1/cmtt/m/n --> OT1/lmtt/m/n on input line 38.
) (c:/Users/samantha.schiano/AppData/Roaming/TinyTeX/texmf-dist/tex/latex/upquote/upquote.sty
Package: upquote 2012/04/19 v1.3 upright-quote and grave-accent glyphs in verbatim
(c:/Users/samantha.schiano/AppData/Roaming/TinyTeX/texmf-dist/tex/latex/base/textcomp.sty
Package: textcomp 2024/04/24 v2.1b Standard LaTeX package
)) (c:/Users/samantha.schiano/AppData/Roaming/TinyTeX/texmf-dist/tex/latex/microtype/microtype.sty
Package: microtype 2025/02/11 v3.2a Micro-typographical refinements (RS)
\MT@toks=\toks24
\MT@tempbox=\box66
\MT@count=\count330
LaTeX Info: Redefining \noprotrusionifhmode on input line 1087.
LaTeX Info: Redefining \leftprotrusion on input line 1088.
\MT@prot@toks=\toks25
LaTeX Info: Redefining \rightprotrusion on input line 1107.
LaTeX Info: Redefining \textls on input line 1449.
\MT@outer@kern=\dimen157
LaTeX Info: Redefining \microtypecontext on input line 2053.
LaTeX Info: Redefining \textmicrotypecontext on input line 2070.
\MT@listname@count=\count331
(c:/Users/samantha.schiano/AppData/Roaming/TinyTeX/texmf-dist/tex/latex/microtype/microtype-luatex.def
File: microtype-luatex.def 2025/02/11 v3.2a Definitions specific to luatex (RS)
Lua module: microtype 2025/02/11 v3.2a microtype module.
Module microtype Info: overwriting function `keepligature' on input line 63
LaTeX Info: Redefining \lsstyle on input line 779.
LaTeX Info: Redefining \lslig on input line 779.
\MT@outer@space=\skip77
)
Package microtype Info: Loading configuration file microtype.cfg.
(c:/Users/samantha.schiano/AppData/Roaming/TinyTeX/texmf-dist/tex/latex/microtype/microtype.cfg
File: microtype.cfg 2025/02/11 v3.2a microtype main configuration file (RS)
)
LaTeX Info: Redefining \microtypesetup on input line 3065.
) (c:/Users/samantha.schiano/AppData/Roaming/TinyTeX/texmf-dist/tex/latex/xcolor/xcolor.sty
Package: xcolor 2024/09/29 v3.02 LaTeX color extensions (UK)
(c:/Users/samantha.schiano/AppData/Roaming/TinyTeX/texmf-dist/tex/latex/graphics-cfg/color.cfg
File: color.cfg 2016/01/02 v1.6 sample color configuration
)
Package xcolor Info: Driver file: luatex.def on input line 274.
(c:/Users/samantha.schiano/AppData/Roaming/TinyTeX/texmf-dist/tex/latex/graphics-def/luatex.def
File: luatex.def 2024/04/13 v1.2e Graphics/color driver for luatex
) (c:/Users/samantha.schiano/AppData/Roaming/TinyTeX/texmf-dist/tex/latex/graphics/mathcolor.ltx)
Package xcolor Info: Model `cmy' substituted by `cmy0' on input line 1349.
Package xcolor Info: Model `hsb' substituted by `rgb' on input line 1353.
Package xcolor Info: Model `RGB' extended on input line 1365.
Package xcolor Info: Model `HTML' substituted by `rgb' on input line 1367.
Package xcolor Info: Model `Hsb' substituted by `hsb' on input line 1368.
Package xcolor Info: Model `tHsb' substituted by `hsb' on input line 1369.
Package xcolor Info: Model `HSB' substituted by `hsb' on input line 1370.
Package xcolor Info: Model `Gray' substituted by `gray' on input line 1371.
Package xcolor Info: Model `wave' substituted by `hsb' on input line 1372.
) (c:/Users/samantha.schiano/AppData/Roaming/TinyTeX/texmf-dist/tex/latex/pdfmanagement-testphase/xcolor-patches-tmp-ltx.sty
Package: xcolor-patches-tmp-ltx 2025-02-15 v0.96p patch xcolor for l3color
) (c:/Users/samantha.schiano/AppData/Roaming/TinyTeX/texmf-dist/tex/latex/graphics/dvipsnam.def
File: dvipsnam.def 2016/06/17 v3.0m Driver-dependent file (DPC,SPQR)
) (c:/Users/samantha.schiano/AppData/Roaming/TinyTeX/texmf-dist/tex/latex/xcolor/svgnam.def
File: svgnam.def 2024/09/29 v3.02 Predefined colors according to SVG 1.1 (UK)
) (c:/Users/samantha.schiano/AppData/Roaming/TinyTeX/texmf-dist/tex/latex/xcolor/x11nam.def
File: x11nam.def 2024/09/29 v3.02 Predefined colors according to Unix/X11 (UK)
) (c:/Users/samantha.schiano/AppData/Roaming/TinyTeX/texmf-dist/tex/latex/tools/longtable.sty
Package: longtable 2024-10-27 v4.22 Multi-page Table package (DPC)
\LTleft=\skip78
\LTright=\skip79
\LTpre=\skip80
\LTpost=\skip81
\LTchunksize=\count332
\LTcapwidth=\dimen158
\LT@head=\box67
\LT@firsthead=\box68
\LT@foot=\box69
\LT@lastfoot=\box70
\LT@gbox=\box71
\LT@cols=\count333
\LT@rows=\count334
\c@LT@tables=\count335
\c@LT@chunks=\count336
\LT@p@ftn=\toks26
)
Class scrartcl Info: longtable captions redefined on input line 71.
(c:/Users/samantha.schiano/AppData/Roaming/TinyTeX/texmf-dist/tex/latex/booktabs/booktabs.sty
Package: booktabs 2020/01/12 v1.61803398 Publication quality tables
\heavyrulewidth=\dimen159
\lightrulewidth=\dimen160
\cmidrulewidth=\dimen161
\belowrulesep=\dimen162
\belowbottomsep=\dimen163
\aboverulesep=\dimen164
\abovetopsep=\dimen165
\cmidrulesep=\dimen166
\cmidrulekern=\dimen167
\defaultaddspace=\dimen168
\@cmidla=\count337
\@cmidlb=\count338
\@aboverulesep=\dimen169
\@belowrulesep=\dimen170
\@thisruleclass=\count339
\@lastruleclass=\count340
\@thisrulewidth=\dimen171
) (c:/Users/samantha.schiano/AppData/Roaming/TinyTeX/texmf-dist/tex/latex/tools/calc.sty
Package: calc 2023/07/08 v4.3 Infix arithmetic (KKT,FJ)
\calc@Acount=\count341
\calc@Bcount=\count342
\calc@Adimen=\dimen172
\calc@Bdimen=\dimen173
\calc@Askip=\skip82
\calc@Bskip=\skip83
LaTeX Info: Redefining \setlength on input line 80.
LaTeX Info: Redefining \addtolength on input line 81.
\calc@Ccount=\count343
\calc@Cskip=\skip84
) (c:/Users/samantha.schiano/AppData/Roaming/TinyTeX/texmf-dist/tex/latex/footnotehyper/footnotehyper.sty
Package: footnotehyper 2021/08/13 v1.1e hyperref aware footnote.sty (JFB)
\FNH@notes=\box72
\FNH@width=\dimen174
\FNH@toks=\toks27
) (c:/Users/samantha.schiano/AppData/Roaming/TinyTeX/texmf-dist/tex/latex/graphics/graphicx.sty
Package: graphicx 2021/09/16 v1.2d Enhanced LaTeX Graphics (DPC,SPQR)
(c:/Users/samantha.schiano/AppData/Roaming/TinyTeX/texmf-dist/tex/latex/graphics/graphics.sty
Package: graphics 2024/08/06 v1.4g Standard LaTeX Graphics (DPC,SPQR)
(c:/Users/samantha.schiano/AppData/Roaming/TinyTeX/texmf-dist/tex/latex/graphics/trig.sty
Package: trig 2023/12/02 v1.11 sin cos tan (DPC)
) (c:/Users/samantha.schiano/AppData/Roaming/TinyTeX/texmf-dist/tex/latex/graphics-cfg/graphics.cfg
File: graphics.cfg 2016/06/04 v1.11 sample graphics configuration
)
Package graphics Info: Driver file: luatex.def on input line 106.
)
\Gin@req@height=\dimen175
\Gin@req@width=\dimen176
)
\pandoc@box=\box73
\cslhangindent=\skip85
\csllabelwidth=\skip86
(c:/Users/samantha.schiano/AppData/Roaming/TinyTeX/texmf-dist/tex/latex/hyphenat/hyphenat.sty
Package: hyphenat 2009/09/02 v2.3c hyphenation utilities
\langwohyphens=\language2
LaTeX Info: Redefining \_ on input line 43.
) (c:/Users/samantha.schiano/AppData/Roaming/TinyTeX/texmf-dist/tex/latex/pdfcomment/pdfcomment.sty
Package: pdfcomment 2018/11/01 pdfcomment.sty v2.4a - Josef Kleber (C) 2008-2012, 2015-2016, 2018
(c:/Users/samantha.schiano/AppData/Roaming/TinyTeX/texmf-dist/tex/latex/xkeyval/xkeyval.sty
Package: xkeyval 2022/06/16 v2.9 package option processing (HA)
(c:/Users/samantha.schiano/AppData/Roaming/TinyTeX/texmf-dist/tex/generic/xkeyval/xkeyval.tex (c:/Users/samantha.schiano/AppData/Roaming/TinyTeX/texmf-dist/tex/generic/xkeyval/xkvutils.tex
\XKV@toks=\toks28
\XKV@tempa@toks=\toks29
)
\XKV@depth=\count344
File: xkeyval.tex 2014/12/03 v2.7a key=value parser (HA)
))
\c@pc@count@i=\count345
\c@pc@count@ii=\count346
\c@pc@count@iii=\count347
\c@pc@count@iv=\count348
\pc@mathannot@box=\box74
\pc@nullbox=\box75
\pc@dima=\skip87
\pc@dimb=\skip88
\pc@Sposx=\skip89
\pc@Sposy=\skip90
\pc@Eposx=\skip91
\pc@Eposy=\skip92
\pc@column=\skip93
\pc@box@width=\skip94
\pc@box@height=\skip95
\pc@box@depth=\skip96
(c:/Users/samantha.schiano/AppData/Roaming/TinyTeX/texmf-dist/tex/generic/luatex85/luatex85.sty
Package: luatex85 2016/06/15 v1.4 pdftex aliases for luatex
) (c:/Users/samantha.schiano/AppData/Roaming/TinyTeX/texmf-dist/tex/latex/datetime2/datetime2.sty
Package: datetime2 2021/03/21 v1.5.7 (NLCT) date and time formats
(c:/Users/samantha.schiano/AppData/Roaming/TinyTeX/texmf-dist/tex/latex/tracklang/tracklang.sty
Package: tracklang 2025/01/26 v1.6.4 (NLCT) Track Languages
(c:/Users/samantha.schiano/AppData/Roaming/TinyTeX/texmf-dist/tex/generic/tracklang/tracklang.tex))) (c:/Users/samantha.schiano/AppData/Roaming/TinyTeX/texmf-dist/tex/latex/zref/zref-savepos.sty
Package: zref-savepos 2023-09-14 v2.35 Module savepos for zref (HO)
(c:/Users/samantha.schiano/AppData/Roaming/TinyTeX/texmf-dist/tex/latex/zref/zref-base.sty
Package: zref-base 2023-09-14 v2.35 Module base for zref (HO)
(c:/Users/samantha.schiano/AppData/Roaming/TinyTeX/texmf-dist/tex/generic/ltxcmds/ltxcmds.sty
Package: ltxcmds 2023-12-04 v1.26 LaTeX kernel commands for general use (HO)
) (c:/Users/samantha.schiano/AppData/Roaming/TinyTeX/texmf-dist/tex/generic/infwarerr/infwarerr.sty
Package: infwarerr 2019/12/03 v1.5 Providing info/warning/error messages (HO)
) (c:/Users/samantha.schiano/AppData/Roaming/TinyTeX/texmf-dist/tex/latex/kvsetkeys/kvsetkeys.sty
Package: kvsetkeys 2022-10-05 v1.19 Key value parser (HO)
) (c:/Users/samantha.schiano/AppData/Roaming/TinyTeX/texmf-dist/tex/generic/kvdefinekeys/kvdefinekeys.sty
Package: kvdefinekeys 2019-12-19 v1.6 Define keys (HO)
) (c:/Users/samantha.schiano/AppData/Roaming/TinyTeX/texmf-dist/tex/generic/pdftexcmds/pdftexcmds.sty
Package: pdftexcmds 2020-06-27 v0.33 Utility functions of pdfTeX for LuaTeX (HO)
Package pdftexcmds Info: \pdf@primitive is available.
Package pdftexcmds Info: \pdf@ifprimitive is available.
Package pdftexcmds Info: \pdfdraftmode found.
\pdftexcmds@toks=\toks30
) (c:/Users/samantha.schiano/AppData/Roaming/TinyTeX/texmf-dist/tex/generic/etexcmds/etexcmds.sty
Package: etexcmds 2019/12/15 v1.7 Avoid name clashes with e-TeX commands (HO)
) (c:/Users/samantha.schiano/AppData/Roaming/TinyTeX/texmf-dist/tex/latex/auxhook/auxhook.sty
Package: auxhook 2019-12-17 v1.6 Hooks for auxiliary files (HO)
)
Package zref Info: New property list: main on input line 767.
Package zref Info: New property: default on input line 768.
Package zref Info: New property: page on input line 769.
)
Package zref Info: New property list: savepos on input line 79.
Package zref Info: New property: posx on input line 84.
Package zref Info: New property: posy on input line 85.
)
\c@zref@unique=\count349
(c:/Users/samantha.schiano/AppData/Roaming/TinyTeX/texmf-dist/tex/latex/refcount/refcount.sty
Package: refcount 2019/12/15 v3.6 Data extraction from label references (HO)
) (c:/Users/samantha.schiano/AppData/Roaming/TinyTeX/texmf-dist/tex/latex/base/ifthen.sty
Package: ifthen 2024/03/16 v1.1e Standard LaTeX ifthen package (DPC)
) (c:/Users/samantha.schiano/AppData/Roaming/TinyTeX/texmf-dist/tex/latex/marginnote/marginnote.sty
Package: marginnote 2018/08/09 1.4b non floating margin notes for LaTeX
\c@mn@abspage=\count350
) (c:/Users/samantha.schiano/AppData/Roaming/TinyTeX/texmf-dist/tex/generic/iftex/ifpdf.sty
Package: ifpdf 2019/10/25 v3.4 ifpdf legacy package. Use iftex instead.
) (c:/Users/samantha.schiano/AppData/Roaming/TinyTeX/texmf-dist/tex/generic/iftex/ifluatex.sty
Package: ifluatex 2019/10/25 v1.5 ifluatex legacy package. Use iftex instead.
) (c:/Users/samantha.schiano/AppData/Roaming/TinyTeX/texmf-dist/tex/latex/soulpos/soulpos.sty
Package: soulpos 2021/10/15 v1.2 Fancy underlining
\ulp@subcnt=\count351
\ulp@cnt=\count352
\ulp@out=\write3
\ulp@in=\read2
\ulwidth=\dimen177
) (c:/Users/samantha.schiano/AppData/Roaming/TinyTeX/texmf-dist/tex/latex/hyperref/hyperref.sty
Package: hyperref 2024-11-05 v7.01l Hypertext links for LaTeX
(c:/Users/samantha.schiano/AppData/Roaming/TinyTeX/texmf-dist/tex/generic/pdfescape/pdfescape.sty
Package: pdfescape 2019/12/09 v1.15 Implements pdfTeX's escape features (HO)
) (c:/Users/samantha.schiano/AppData/Roaming/TinyTeX/texmf-dist/tex/latex/hycolor/hycolor.sty
Package: hycolor 2020-01-27 v1.10 Color options for hyperref/bookmark (HO)
) (c:/Users/samantha.schiano/AppData/Roaming/TinyTeX/texmf-dist/tex/latex/hyperref/nameref.sty
Package: nameref 2023-11-26 v2.56 Cross-referencing by name of section
(c:/Users/samantha.schiano/AppData/Roaming/TinyTeX/texmf-dist/tex/generic/gettitlestring/gettitlestring.sty
Package: gettitlestring 2019/12/15 v1.6 Cleanup title references (HO)
(c:/Users/samantha.schiano/AppData/Roaming/TinyTeX/texmf-dist/tex/latex/kvoptions/kvoptions.sty
Package: kvoptions 2022-06-15 v3.15 Key value format for package options (HO)
))
\c@section@level=\count353
) (c:/Users/samantha.schiano/AppData/Roaming/TinyTeX/texmf-dist/tex/generic/stringenc/stringenc.sty
Package: stringenc 2019/11/29 v1.12 Convert strings between diff. encodings (HO)
)
\@linkdim=\dimen178
\Hy@linkcounter=\count354
\Hy@pagecounter=\count355
(c:/Users/samantha.schiano/AppData/Roaming/TinyTeX/texmf-dist/tex/latex/hyperref/pd1enc.def
File: pd1enc.def 2024-11-05 v7.01l Hyperref: PDFDocEncoding definition (HO)
) (c:/Users/samantha.schiano/AppData/Roaming/TinyTeX/texmf-dist/tex/generic/intcalc/intcalc.sty
Package: intcalc 2019/12/15 v1.3 Expandable calculations with integers (HO)
)
\Hy@SavedSpaceFactor=\count356
(c:/Users/samantha.schiano/AppData/Roaming/TinyTeX/texmf-dist/tex/latex/hyperref/puenc.def
File: puenc.def 2024-11-05 v7.01l Hyperref: PDF Unicode definition (HO)
)
\pdfmajorversion=\count357
Package hyperref Info: Option `unicode' set `true' on input line 4040.
Package hyperref Info: Option `unicode' set `true' on input line 4040.
Package hyperref Info: Hyper figures OFF on input line 4157.
Package hyperref Info: Link nesting OFF on input line 4162.
Package hyperref Info: Hyper index ON on input line 4165.
Package hyperref Info: Plain pages OFF on input line 4172.
Package hyperref Info: Backreferencing OFF on input line 4177.
Package hyperref Info: Implicit mode ON; LaTeX internals redefined.
Package hyperref Info: Bookmarks ON on input line 4424.
\c@Hy@tempcnt=\count358
(c:/Users/samantha.schiano/AppData/Roaming/TinyTeX/texmf-dist/tex/latex/url/url.sty
\Urlmuskip=\muskip19
Package: url 2013/09/16  ver 3.4  Verb mode for urls, etc.
)
LaTeX Info: Redefining \url on input line 4763.
\XeTeXLinkMargin=\dimen179
(c:/Users/samantha.schiano/AppData/Roaming/TinyTeX/texmf-dist/tex/generic/bitset/bitset.sty
Package: bitset 2019/12/09 v1.3 Handle bit-vector datatype (HO)
(c:/Users/samantha.schiano/AppData/Roaming/TinyTeX/texmf-dist/tex/generic/bigintcalc/bigintcalc.sty
Package: bigintcalc 2019/12/15 v1.5 Expandable calculations on big integers (HO)
))
\Fld@menulength=\count359
\Field@Width=\dimen180
\Fld@charsize=\dimen181
Package hyperref Info: Hyper figures OFF on input line 6042.
Package hyperref Info: Link nesting OFF on input line 6047.
Package hyperref Info: Hyper index ON on input line 6050.
Package hyperref Info: backreferencing OFF on input line 6057.
Package hyperref Info: Link coloring OFF on input line 6062.
Package hyperref Info: Link coloring with OCG OFF on input line 6067.
Package hyperref Info: PDF/A mode OFF on input line 6072.
(c:/Users/samantha.schiano/AppData/Roaming/TinyTeX/texmf-dist/tex/latex/base/atbegshi-ltx.sty
Package: atbegshi-ltx 2021/01/10 v1.0c Emulation of the original atbegshi
package with kernel methods
)
\Hy@abspage=\count360
\c@Item=\count361
)
Package hyperref Info: Driver (custom): hgeneric-testphase.
(c:/Users/samantha.schiano/AppData/Roaming/TinyTeX/texmf-dist/tex/latex/pdfmanagement-testphase/hgeneric-testphase.def
File: hgeneric-testphase.def 2025-02-15 v0.96p generic Hyperref driver for the LaTeX PDF management testphase bundle
(c:/Users/samantha.schiano/AppData/Roaming/TinyTeX/texmf-dist/tex/latex/pdfmanagement-testphase/hyperref-colorschemes.def)
LaTeX Info: Redefining \href on input line 275.
LaTeX Info: Redefining \url on input line 361.
\l__hyp_tmpa_box=\box76
\l__hyp_tmpa_int=\count362
\l__hyp_dest_box=\box77
\g__hyp_linknestlevel_int=\count363
\HyAnn@Count=\count364
\Fld@listcount=\count365
\Hy@SectionHShift=\skip97
LaTeX Info: Redefining \Hy__hypSectionAnchor on input line 3559.
)
Package zref Info: New property list: pdfcomment on input line 2735.
Package zref Info: New property: PCPDFOBJID on input line 2736.
) (c:/Users/samantha.schiano/AppData/Roaming/TinyTeX/texmf-dist/tex/latex/wallpaper/wallpaper.sty
Package: wallpaper 2005/01/18, v1.01 easy wallpaper formatting (MHFW)
(c:/Users/samantha.schiano/AppData/Roaming/TinyTeX/texmf-dist/tex/latex/eso-pic/eso-pic.sty
Package: eso-pic 2023/05/03 v3.0c eso-pic (RN)
\ESO@tempdima=\dimen182
\ESO@tempdimb=\dimen183
)
\wpXoffset=\skip98
\wpYoffset=\skip99
\tileXoffset=\skip100
\tileYoffset=\skip101
\tilewidth=\skip102
\tileheight=\skip103
\tileX=\skip104
\tileY=\skip105
) (c:/Users/samantha.schiano/AppData/Roaming/TinyTeX/texmf-dist/tex/latex/geometry/geometry.sty
Package: geometry 2020/01/02 v5.9 Page Geometry
(c:/Users/samantha.schiano/AppData/Roaming/TinyTeX/texmf-dist/tex/generic/iftex/ifvtex.sty
Package: ifvtex 2019/10/25 v1.7 ifvtex legacy package. Use iftex instead.
)
\Gm@cnth=\count366
\Gm@cntv=\count367
\c@Gm@tempcnt=\count368
\Gm@bindingoffset=\dimen184
\Gm@wd@mp=\dimen185
\Gm@odd@mp=\dimen186
\Gm@even@mp=\dimen187
\Gm@layoutwidth=\dimen188
\Gm@layoutheight=\dimen189
\Gm@layouthoffset=\dimen190
\Gm@layoutvoffset=\dimen191
\Gm@dimlist=\toks31
)
luaotfload | cache : Lookup cache loaded from C:/Users/samantha.schiano/AppData/Roaming/TinyTeX/texmf-var/luatex-cache/generic/names/luaotfload-lookup-cache.luc.
luaotfload | aux : font no 19 (nil) defines no feature for script latn
luaotfload | aux : font no 19 (nil) defines no feature for script dflt

Package fontspec Info: 
(fontspec)             Arial Narrow scale = 0.8311539639799423.


Package fontspec Info: 
(fontspec)             Could not resolve font "Arial Narrow/BI" (it probably
(fontspec)             doesn't exist).


Package fontspec Info: 
(fontspec)             Could not resolve font "Arial Narrow/B" (it probably
(fontspec)             doesn't exist).


Package fontspec Info: 
(fontspec)             Could not resolve font "Arial Narrow/I" (it probably
(fontspec)             doesn't exist).


Package fontspec Info: 
(fontspec)             Arial Narrow scale = 0.8311539639799423.

luaotfload | aux : font no 19 (nil) does not define feature smcp for script latn with language dflt
luaotfload | aux : font no 19 (nil) does not define feature smcp for script dflt with language dflt
luaotfload | aux : font no 19 (nil) does not define feature smcp for script latn with language dflt
luaotfload | aux : font no 19 (nil) does not define feature smcp for script dflt with language dflt

Package fontspec Info: 
(fontspec)             Font family 'ArialNarrow(0)' created for font 'Arial
(fontspec)             Narrow' with options
(fontspec)             [Scale=MatchLowercase,Ligatures=TeX,Ligatures=TeX].
(fontspec)              
(fontspec)              This font family consists of the following NFSS
(fontspec)             series/shapes:
(fontspec)              
(fontspec)             - 'normal' (m/n) with NFSS spec.:
(fontspec)             <->s*[0.8311539639799423]"name:Arial
(fontspec)             Narrow:mode=node;language=dflt;+tlig;"

luaotfload | aux : font no 22 (nil) defines no feature for script latn
luaotfload | aux : font no 22 (nil) defines no feature for script dflt

Package fontspec Info: 
(fontspec)             Arial Narrow scale = 0.8311539639799423.


Package fontspec Info: 
(fontspec)             Could not resolve font "Arial Narrow/BI" (it probably
(fontspec)             doesn't exist).


Package fontspec Info: 
(fontspec)             Could not resolve font "Arial Narrow/B" (it probably
(fontspec)             doesn't exist).


Package fontspec Info: 
(fontspec)             Could not resolve font "Arial Narrow/I" (it probably
(fontspec)             doesn't exist).


Package fontspec Info: 
(fontspec)             Arial Narrow scale = 0.8311539639799423.

luaotfload | aux : font no 22 (nil) does not define feature smcp for script latn with language dflt
luaotfload | aux : font no 22 (nil) does not define feature smcp for script dflt with language dflt
luaotfload | aux : font no 22 (nil) does not define feature smcp for script latn with language dflt
luaotfload | aux : font no 22 (nil) does not define feature smcp for script dflt with language dflt

Package fontspec Info: 
(fontspec)             Font family 'ArialNarrow(1)' created for font 'Arial
(fontspec)             Narrow' with options
(fontspec)             [Scale=MatchLowercase,Renderer=Basic,Ligatures=TeX].
(fontspec)              
(fontspec)              This font family consists of the following NFSS
(fontspec)             series/shapes:
(fontspec)              
(fontspec)             - 'normal' (m/n) with NFSS spec.:
(fontspec)             <->s*[0.8311539639799423]"name:Arial
(fontspec)             Narrow:mode=base;language=dflt;+tlig;"

LaTeX Font Info:    Overwriting math alphabet `\mathsf' in version `normal'
(Font)                  OT1/lmss/m/n --> TU/ArialNarrow(1)/m/n on input line 140.
LaTeX Font Info:    Overwriting math alphabet `\mathsf' in version `bold'
(Font)                  OT1/lmss/bx/n --> TU/ArialNarrow(1)/bx/n on input line 140.
(c:/Users/samantha.schiano/AppData/Roaming/TinyTeX/texmf-dist/tex/latex/koma-script/scrlayer-scrpage.sty
Package: scrlayer-scrpage 2024/10/24 v3.43 KOMA-Script package (end user interface for scrlayer)
(c:/Users/samantha.schiano/AppData/Roaming/TinyTeX/texmf-dist/tex/latex/koma-script/scrlayer.sty
Package: scrlayer 2024/10/24 v3.43 KOMA-Script package (defining layers and page styles)
Package scrlayer Info: patching LaTeX kernel macro \pagestyle on input line 2182.
)
Package scrlayer-scrpage Info: Makeing stand-alone element `pagehead' from
(scrlayer-scrpage)             alias to `pageheadfoot' on input line 1106.
) (c:/Users/samantha.schiano/AppData/Roaming/TinyTeX/texmf-dist/tex/latex/caption/caption.sty
Package: caption 2023/08/05 v3.6o Customizing captions (AR)
(c:/Users/samantha.schiano/AppData/Roaming/TinyTeX/texmf-dist/tex/latex/caption/caption3.sty
Package: caption3 2023/07/31 v2.4d caption3 kernel (AR)
\caption@tempdima=\dimen192
\captionmargin=\dimen193
\caption@leftmargin=\dimen194
\caption@rightmargin=\dimen195
\caption@width=\dimen196
\caption@indent=\dimen197
\caption@parindent=\dimen198
\caption@hangindent=\dimen199
Package caption Info: KOMA-Script document class detected.
(c:/Users/samantha.schiano/AppData/Roaming/TinyTeX/texmf-dist/tex/latex/caption/caption-koma.sto
File: caption-koma.sto 2023/09/08 v2.0e Adaption of the caption package to the KOMA-Script document classes (AR)
))
\c@caption@flags=\count369
\c@continuedfloat=\count370
Package caption Info: hyperref package is loaded.
Package caption Info: longtable package is loaded.
(c:/Users/samantha.schiano/AppData/Roaming/TinyTeX/texmf-dist/tex/latex/caption/ltcaption.sty
Package: ltcaption 2021/01/08 v1.4c longtable captions (AR)
)
Package caption Info: KOMA-Script scrextend package detected.
\caption@addmargin@hsize=\dimen256
\caption@addmargin@linewidth=\dimen257
) (c:/Users/samantha.schiano/AppData/Roaming/TinyTeX/texmf-dist/tex/latex/float/float.sty
Package: float 2001/11/08 v1.3d Float enhancements (AL)
\c@float@type=\count371
\float@exts=\toks32
\float@box=\box78
\@float@everytoks=\toks33
\@floatcapt=\box79
)
\@float@every@codelisting=\toks34
\c@codelisting=\count372
(c:/Users/samantha.schiano/AppData/Roaming/TinyTeX/texmf-dist/tex/latex/caption/subcaption.sty
Package: subcaption 2023/07/28 v1.6b Sub-captions (AR)
Package caption Info: New subtype `subfigure' on input line 238.
\c@subfigure=\count373
Package caption Info: New subtype `subtable' on input line 238.
\c@subtable=\count374
) (c:/Users/samantha.schiano/AppData/Roaming/TinyTeX/texmf-dist/tex/generic/babel/babel.sty
Package: babel 2025/02/14 v25.4 The multilingual framework for pdfLaTeX, LuaLaTeX and XeLaTeX
(c:/Users/samantha.schiano/AppData/Roaming/TinyTeX/texmf-dist/tex/generic/babel/luababel.def
\bbl@readstream=\read3
\l@dumylang=\language3
Package babel Info: Non-standard hyphenation setup on input line 118.
\l@nohyphenation=\language4
\l@vietnamese=\language5
\l@hebrew=\language6
\l@german-x-2024-02-28=\language7
\l@ngerman-x-2024-02-28=\language8
\l@afrikaans=\language9
\l@albanian=\language10
\l@ancientgreek=\language11
\l@ibycus=\language12
\l@arabic=\language13
\l@armenian=\language14
\l@basque=\language15
\l@belarusian=\language16
\l@bulgarian=\language17
\l@catalan=\language18
\l@pinyin=\language19
\l@churchslavonic=\language20
\l@coptic=\language21
\l@croatian=\language22
\l@czech=\language23
\l@danish=\language24
\l@dutch=\language25
\l@ukenglish=\language26
\l@usenglishmax=\language27
\l@esperanto=\language28
\l@estonian=\language29
\l@ethiopic=\language30
\l@farsi=\language31
\l@finnish=\language32
\l@schoolfinnish=\language33
\l@french=\language34
\l@friulan=\language35
\l@galician=\language36
\l@georgian=\language37
\l@german=\language38
\l@ngerman=\language39
\l@swissgerman=\language40
\l@greek=\language41
\l@monogreek=\language42
\l@hungarian=\language43
\l@icelandic=\language44
\l@assamese=\language45
\l@bengali=\language46
\l@gujarati=\language47
\l@hindi=\language48
\l@kannada=\language49
\l@malayalam=\language50
\l@marathi=\language51
\l@oriya=\language52
\l@pali=\language53
\l@panjabi=\language54
\l@tamil=\language55
\l@telugu=\language56
\l@indonesian=\language57
\l@interlingua=\language58
\l@irish=\language59
\l@italian=\language60
\l@kurmanji=\language61
\l@classiclatin=\language62
\l@latin=\language63
\l@liturgicallatin=\language64
\l@latvian=\language65
\l@lithuanian=\language66
\l@macedonian=\language67
\l@mongolian=\language68
\l@mongolianlmc=\language69
\l@bokmal=\language70
\l@nynorsk=\language71
\l@occitan=\language72
\l@piedmontese=\language73
\l@polish=\language74
\l@portuguese=\language75
\l@romanian=\language76
\l@romansh=\language77
\l@russian=\language78
\l@sanskrit=\language79
\l@serbian=\language80
\l@serbianc=\language81
\l@slovak=\language82
\l@slovenian=\language83
\l@spanish=\language84
\l@swedish=\language85
\l@thai=\language86
\l@turkish=\language87
\l@turkmen=\language88
\l@ukrainian=\language89
\l@uppersorbian=\language90
\l@welsh=\language91
\babelcatcodetablenum=\catcodetable14
\bbl@pattcodes=\catcodetable15
)
\babel@savecnt=\count375
\U@D=\dimen258
\l@unhyphenated=\language92
(c:/Users/samantha.schiano/AppData/Roaming/TinyTeX/texmf-dist/tex/generic/babel/luababel.def
\bbl@attr@locale=\attribute9
(c:/Users/samantha.schiano/AppData/Roaming/TinyTeX/texmf-dist/tex/luatex/luatexbase/luatexbase.sty
Package: luatexbase 2015/10/04 v1.3 luatexbase interface to LuaTeX 
(c:/Users/samantha.schiano/AppData/Roaming/TinyTeX/texmf-dist/tex/luatex/ctablestack/ctablestack.sty
Package: ctablestack 2015/10/01 v1.0 Catcode table stable support
\@catcodetablestackcnt=\count376
)
\CatcodeTableOther=\catcodetable16
\CatcodeTableExpl=\catcodetable17
)
Removing  `luaotfload.node_processor' from `pre_linebreak_filter'.
Removing  `markspaces' from `pre_linebreak_filter'.
Inserting `Babel.pre_otfload_v' in `pre_linebreak_filter'.
Inserting `luaotfload.node_processor' in `pre_linebreak_filter'.
Inserting `markspaces' in `pre_linebreak_filter'.
Removing  `luaotfload.node_processor' from `hpack_filter'.
Removing  `luaotfload.harf.finalize_hlist' from `hpack_filter'.
Removing  `markspaces' from `hpack_filter'.
Inserting `Babel.pre_otfload_h' in `hpack_filter'.
Inserting `luaotfload.node_processor' in `hpack_filter'.
Inserting `luaotfload.harf.finalize_hlist' in `hpack_filter'.
Inserting `markspaces' in `hpack_filter'.
\bbl@attr@dir=\attribute10
)
Package babel Info: You haven't specified a language as a class or package
(babel)             option. I'll load 'nil'. Reported on input line 4188.
(c:/Users/samantha.schiano/AppData/Roaming/TinyTeX/texmf-dist/tex/generic/babel/nil.ldf
Language: nil 2025/02/14 v25.4 Nil language
\l@nil=\language93
)) (c:/Users/samantha.schiano/AppData/Roaming/TinyTeX/texmf-dist/tex/generic/babel/locale/en/babel-english.tex)
Package babel Info: Importing data for english
(babel)             from babel-en.ini. Reported on input line 195.
(c:/Users/samantha.schiano/AppData/Roaming/TinyTeX/texmf-dist/tex/lualatex/selnolig/selnolig.sty
=== Package selnolig, Version 0.302, Date 2015/10/26 ===
Package: selnolig 2015/10/26
Inserting `Suppress ligatures selectively' in `ligaturing'. (c:/Users/samantha.schiano/AppData/Roaming/TinyTeX/texmf-dist/tex/lualatex/selnolig/selnolig-english-patterns.sty
Package: selnolig-english-patterns 2015/10/26
) (c:/Users/samantha.schiano/AppData/Roaming/TinyTeX/texmf-dist/tex/lualatex/selnolig/selnolig-english-hyphex.sty
Package: selnolig-english-hyphex 2015/10/26
)) (c:/Users/samantha.schiano/AppData/Roaming/TinyTeX/texmf-dist/tex/latex/bookmark/bookmark.sty
Package: bookmark 2023-12-10 v1.31 PDF bookmarks (HO)
(c:/Users/samantha.schiano/AppData/Roaming/TinyTeX/texmf-dist/tex/latex/bookmark/bkm-pdftex.def
File: bkm-pdftex.def 2023-12-10 v1.31 bookmark driver for pdfTeX and luaTeX (HO)
\BKM@id=\count377
)) (c:/Users/samantha.schiano/AppData/Roaming/TinyTeX/texmf-dist/tex/latex/xurl/xurl.sty
Package: xurl 2022/01/09 v 0.10 modify URL breaks
) (c:/Users/samantha.schiano/AppData/Roaming/TinyTeX/texmf-dist/tex/lualatex/luamml/luamml.sty
Package: luamml 2025-02-17 v0.3.0 Automatically generate presentational MathML from LuaTeX math expressions
\l__luamml_flag_int=\count378
\l__luamml_pretty_int=\count379
\tracingmathml=\count380
Lua function RegisterFamilyMapping = 29
Lua function RegisterFamilyMapping = 30
Inserting `dump_list' in `pre_mlist_to_hlist_filter'.
Lua function luamml_get_last_mathml_stream:e = 31
Lua function luamml_begin_single_file: = 32
Lua function luamml_end_single_file: = 33
Lua function luamml_register_output_hook:N = 34
Lua function luamml_disable_output_hook: = 35
Lua function __luamml_annotate_begin: = 36
Lua function __luamml_annotate_end:we = 37
Lua function __luamml_annotate_end:e = 38
Inserting `mathml amsmath processing' in `hpack_filter'.
Lua function __luamml_array_init_col: = 39
Lua function __luamml_array_finalize_col:w = 40
Lua function __luamml_array_save_array: = 41
Lua function __luamml_array_finalize_array: = 42 (c:/Users/samantha.schiano/AppData/Roaming/TinyTeX/texmf-dist/tex/lualatex/luamml/luamml-patches-kernel.sty
Package: luamml-patches-kernel 2025-02-17 v0.3.0 Feel free to add a description here
Package luamml Info: patching \mathsm@sh on input line 58.
Package luamml Info: patching \mathph@nt on input line 58.
(c:/Users/samantha.schiano/AppData/Roaming/TinyTeX/texmf-dist/tex/lualatex/luamml/luamml-patches-lab-math.sty
Package: luamml-patches-lab-math 2025-02-17 v0.3.0 Feel free to add a description here
)) (c:/Users/samantha.schiano/AppData/Roaming/TinyTeX/texmf-dist/tex/lualatex/luamml/luamml-patches-amstext.sty
Package: luamml-patches-amstext 2025-02-17 v0.3.0 patches of amstext commands
Package luamml Info: patching \text@ on input line 29.
) (c:/Users/samantha.schiano/AppData/Roaming/TinyTeX/texmf-dist/tex/lualatex/luamml/luamml-patches-amsmath.sty
Package: luamml-patches-amsmath 2025-02-17 v0.3.0 Feel free to add a description here
Lua function __luamml_amsmath_add_last_to_row: = 43
Lua function __luamml_amsmath_add_box_to_row: = 44
Lua function __luamml_amsmath_set_row_columnalign:n = 45
Lua function __luamml_amsmath_save_inner_table:n = 46
Lua function __luamml_amsmath_save_smallmatrix: = 47
Lua function __luamml_amsmath_finalize_inner_table: = 48
Lua function __luamml_amsmath_finalize_table:n = 49
Lua function __luamml_amsmath_save_tag: = 50
Lua function __luamml_amsmath_set_tag: = 51
Package luamml Info: patching \start@aligned on input line 421.
Package luamml Info: patching gathered on input line 421.
Package luamml Info: patching \endaligned on input line 421.
Package luamml Info: patching \gather@ on input line 421.
Package luamml Info: patching \gmeasure@ on input line 421.
Package luamml Info: patching \endgather on input line 421.
Package luamml Info: patching \align@preamble on input line 421.
Package luamml Info: patching \math@cr@@@align on input line 421.
Package luamml Info: patching \maketag@@@ on input line 421.
Package luamml Info: patching \endalign on input line 421.
Package luamml Info: patching \multline@ on input line 421.
Package luamml Info: patching \mmeasure@ on input line 421.
Package luamml Info: patching \endmultline@math on input line 421.
Package luamml Info: patching \rendmultline@ on input line 421.
Package luamml Info: patching \lendmultline@ on input line 421.
Package luamml Info: patching smallmatrix on input line 421.
Package luamml Info: patching \env@cases on input line 421.
Package luamml Info: patching \bBigg@ on input line 421.
)) (./accessibility_reprex.aux)
\openout1 = accessibility_reprex.aux

LaTeX Font Info:    Checking defaults for OML/cmm/m/it on input line 229.
LaTeX Font Info:    ... okay on input line 229.
LaTeX Font Info:    Checking defaults for OMS/cmsy/m/n on input line 229.
LaTeX Font Info:    ... okay on input line 229.
LaTeX Font Info:    Checking defaults for OT1/cmr/m/n on input line 229.
LaTeX Font Info:    ... okay on input line 229.
LaTeX Font Info:    Checking defaults for T1/cmr/m/n on input line 229.
LaTeX Font Info:    ... okay on input line 229.
LaTeX Font Info:    Checking defaults for TS1/cmr/m/n on input line 229.
LaTeX Font Info:    ... okay on input line 229.
LaTeX Font Info:    Checking defaults for TU/lmr/m/n on input line 229.
LaTeX Font Info:    ... okay on input line 229.
LaTeX Font Info:    Checking defaults for OMX/cmex/m/n on input line 229.
LaTeX Font Info:    ... okay on input line 229.
LaTeX Font Info:    Checking defaults for U/cmr/m/n on input line 229.
LaTeX Font Info:    ... okay on input line 229.
LaTeX Font Info:    Checking defaults for PD1/pdf/m/n on input line 229.
LaTeX Font Info:    ... okay on input line 229.
LaTeX Font Info:    Checking defaults for PU/pdf/m/n on input line 229.
LaTeX Font Info:    ... okay on input line 229.
Inserting `tagpdf' in `pre_shipout_filter'.
Inserting `tagpdf' in `pre_shipout_filter'.
Info: mathml file accessibility_reprex-mathml does not exist
Info: reading mathml file accessibility_reprex-luamml-mathml
(./accessibility_reprex-luamml-mathml.html)
Info: Activating mathml support
Package scrbase Info: activating english \abstractname on input line 229.
Package scrbase Info: activating english \partname on input line 229.
Package scrbase Info: activating english \figurename on input line 229.
Package scrbase Info: activating english \tablename on input line 229.
Package scrbase Info: activating english \contentsname on input line 229.
Package scrbase Info: activating english \listfigurename on input line 229.
Package scrbase Info: activating english \listtablename on input line 229.
Package scrbase Info: activating english \refname on input line 229.
Package scrbase Info: activating english \indexname on input line 229.
LaTeX Font Info:    Overwriting math alphabet `\mathrm' in version `normal'
(Font)                  OT1/lmr/m/n --> TU/lmr/m/n on input line 229.
LaTeX Font Info:    Overwriting math alphabet `\mathit' in version `normal'
(Font)                  OT1/lmr/m/it --> TU/lmr/m/it on input line 229.
LaTeX Font Info:    Overwriting math alphabet `\mathbf' in version `normal'
(Font)                  OT1/lmr/bx/n --> TU/lmr/bx/n on input line 229.
LaTeX Font Info:    Overwriting math alphabet `\mathtt' in version `normal'
(Font)                  OT1/lmtt/m/n --> TU/lmtt/m/n on input line 229.
LaTeX Font Info:    Overwriting math alphabet `\mathtt' in version `bold'
(Font)                  OT1/lmtt/m/n --> TU/lmtt/bx/n on input line 229.

Package fontspec Info: 
(fontspec)             latinmodern-math scale = 0.9999967668407183.


Package fontspec Info: 
(fontspec)             latinmodern-math scale = 0.9999967668407183.


Package fontspec Info: 
(fontspec)             latinmodern-math scale = 0.9999967668407183.


Package fontspec Info: 
(fontspec)             Font family 'latinmodern-math.otf(0)' created for font
(fontspec)             'latinmodern-math.otf' with options
(fontspec)             [Scale=MatchLowercase,Renderer=Basic,BoldItalicFont={},ItalicFont={},SmallCapsFont={},Script=Math,RawFeature={mathfontdimen=xetex},BoldFont={latinmodern-math.otf}].
(fontspec)              
(fontspec)              This font family consists of the following NFSS
(fontspec)             series/shapes:
(fontspec)              
(fontspec)             - 'normal' (m/n) with NFSS spec.:
(fontspec)             <->s*[0.9999967668407183]"[latinmodern-math.otf]:mode=base;script=math;language=dflt;mathfontdimen=xetex;"
(fontspec)             - 'bold' (b/n) with NFSS spec.:
(fontspec)             <->s*[0.9999967668407183]"[latinmodern-math.otf]:mode=base;script=math;language=dflt;mathfontdimen=xetex;"

LaTeX Font Info:    Font shape `TU/latinmodern-math.otf(0)/m/n' will be
(Font)              scaled to size 10.95pt on input line 229.

Package fontspec Info: 
(fontspec)             latinmodern-math scale = 0.9999967668407183.


Package fontspec Info: 
(fontspec)             latinmodern-math scale = 0.9999967668407183.


Package fontspec Info: 
(fontspec)             latinmodern-math scale = 0.9999967668407183.


Package fontspec Info: 
(fontspec)             latinmodern-math scale = 0.9999967668407183.


Package fontspec Info: 
(fontspec)             latinmodern-math scale = 0.9999967668407183.


Package fontspec Info: 
(fontspec)             Font family 'latinmodern-math.otf(1)' created for font
(fontspec)             'latinmodern-math.otf' with options
(fontspec)             [Scale=MatchLowercase,Renderer=Basic,BoldItalicFont={},ItalicFont={},SmallCapsFont={},Script=Math,SizeFeatures={{Size=9.3075-},{Size=6.57-9.3075,Font=latinmodern-math.otf,Style=MathScript},{Size=-6.57,Font=latinmodern-math.otf,Style=MathScriptScript}},RawFeature={mathfontdimen=xetex},BoldFont={latinmodern-math.otf}].
(fontspec)              
(fontspec)              This font family consists of the following NFSS
(fontspec)             series/shapes:
(fontspec)              
(fontspec)             - 'normal' (m/n) with NFSS spec.:
(fontspec)             <9.3075->s*[0.9999967668407183]"[latinmodern-math.otf]:mode=base;script=math;language=dflt;mathfontdimen=xetex;"<6.57-9.3075>s*[0.9999967668407183]"[latinmodern-math.otf]:mode=base;script=math;language=dflt;mathfontdimen=xetex;+ssty=0;"<-6.57>s*[0.9999967668407183]"[latinmodern-math.otf]:mode=base;script=math;language=dflt;mathfontdimen=xetex;+ssty=1;"
(fontspec)             - 'bold' (b/n) with NFSS spec.:
(fontspec)             <->s*[0.9999967668407183]"[latinmodern-math.otf]:mode=base;script=math;language=dflt;mathfontdimen=xetex;"

LaTeX Font Info:    Font shape `TU/latinmodern-math.otf(1)/m/n' will be
(Font)              scaled to size 10.95pt on input line 229.
LaTeX Font Info:    Encoding `OT1' has changed to `TU' for symbol font
(Font)              `operators' in the math version `normal' on input line 229.
LaTeX Font Info:    Overwriting symbol font `operators' in version `normal'
(Font)                  OT1/lmr/m/n --> TU/latinmodern-math.otf(1)/m/n on input line 229.
LaTeX Font Info:    Encoding `OT1' has changed to `TU' for symbol font
(Font)              `operators' in the math version `bold' on input line 229.
LaTeX Font Info:    Overwriting symbol font `operators' in version `bold'
(Font)                  OT1/lmr/bx/n --> TU/latinmodern-math.otf(1)/b/n on input line 229.

Package fontspec Info: 
(fontspec)             latinmodern-math scale = 0.9999967668407183.


Package fontspec Info: 
(fontspec)             latinmodern-math scale = 0.9999967668407183.


Package fontspec Info: 
(fontspec)             latinmodern-math scale = 0.9999967668407183.


Package fontspec Info: 
(fontspec)             latinmodern-math scale = 0.9999967668407183.


Package fontspec Info: 
(fontspec)             latinmodern-math scale = 0.9999967668407183.


Package fontspec Info: 
(fontspec)             Font family 'latinmodern-math.otf(2)' created for font
(fontspec)             'latinmodern-math.otf' with options
(fontspec)             [Scale=MatchLowercase,Renderer=Basic,BoldItalicFont={},ItalicFont={},SmallCapsFont={},Script=Math,SizeFeatures={{Size=9.3075-},{Size=6.57-9.3075,Font=latinmodern-math.otf,Style=MathScript},{Size=-6.57,Font=latinmodern-math.otf,Style=MathScriptScript}},RawFeature={mathfontdimen=xetex},BoldFont={latinmodern-math.otf},RawFeature={mathfontdimen=tex2}].
(fontspec)              
(fontspec)              This font family consists of the following NFSS
(fontspec)             series/shapes:
(fontspec)              
(fontspec)             - 'normal' (m/n) with NFSS spec.:
(fontspec)             <9.3075->s*[0.9999967668407183]"[latinmodern-math.otf]:mode=base;script=math;language=dflt;mathfontdimen=xetex;mathfontdimen=tex2;"<6.57-9.3075>s*[0.9999967668407183]"[latinmodern-math.otf]:mode=base;script=math;language=dflt;mathfontdimen=xetex;mathfontdimen=tex2;+ssty=0;"<-6.57>s*[0.9999967668407183]"[latinmodern-math.otf]:mode=base;script=math;language=dflt;mathfontdimen=xetex;mathfontdimen=tex2;+ssty=1;"
(fontspec)             - 'bold' (b/n) with NFSS spec.:
(fontspec)             <->s*[0.9999967668407183]"[latinmodern-math.otf]:mode=base;script=math;language=dflt;mathfontdimen=xetex;mathfontdimen=tex2;"

LaTeX Font Info:    Encoding `OMS' has changed to `TU' for symbol font
(Font)              `symbols' in the math version `normal' on input line 229.
LaTeX Font Info:    Overwriting symbol font `symbols' in version `normal'
(Font)                  OMS/lmsy/m/n --> TU/latinmodern-math.otf(2)/m/n on input line 229.
LaTeX Font Info:    Encoding `OMS' has changed to `TU' for symbol font
(Font)              `symbols' in the math version `bold' on input line 229.
LaTeX Font Info:    Overwriting symbol font `symbols' in version `bold'
(Font)                  OMS/lmsy/b/n --> TU/latinmodern-math.otf(2)/b/n on input line 229.

Package fontspec Info: 
(fontspec)             latinmodern-math scale = 0.9999967668407183.


Package fontspec Info: 
(fontspec)             latinmodern-math scale = 0.9999967668407183.


Package fontspec Info: 
(fontspec)             latinmodern-math scale = 0.9999967668407183.


Package fontspec Info: 
(fontspec)             latinmodern-math scale = 0.9999967668407183.


Package fontspec Info: 
(fontspec)             latinmodern-math scale = 0.9999967668407183.


Package fontspec Info: 
(fontspec)             Font family 'latinmodern-math.otf(3)' created for font
(fontspec)             'latinmodern-math.otf' with options
(fontspec)             [Scale=MatchLowercase,Renderer=Basic,BoldItalicFont={},ItalicFont={},SmallCapsFont={},Script=Math,SizeFeatures={{Size=9.3075-},{Size=6.57-9.3075,Font=latinmodern-math.otf,Style=MathScript},{Size=-6.57,Font=latinmodern-math.otf,Style=MathScriptScript}},RawFeature={mathfontdimen=xetex},BoldFont={latinmodern-math.otf},RawFeature={mathfontdimen=tex3}].
(fontspec)              
(fontspec)              This font family consists of the following NFSS
(fontspec)             series/shapes:
(fontspec)              
(fontspec)             - 'normal' (m/n) with NFSS spec.:
(fontspec)             <9.3075->s*[0.9999967668407183]"[latinmodern-math.otf]:mode=base;script=math;language=dflt;mathfontdimen=xetex;mathfontdimen=tex3;"<6.57-9.3075>s*[0.9999967668407183]"[latinmodern-math.otf]:mode=base;script=math;language=dflt;mathfontdimen=xetex;mathfontdimen=tex3;+ssty=0;"<-6.57>s*[0.9999967668407183]"[latinmodern-math.otf]:mode=base;script=math;language=dflt;mathfontdimen=xetex;mathfontdimen=tex3;+ssty=1;"
(fontspec)             - 'bold' (b/n) with NFSS spec.:
(fontspec)             <->s*[0.9999967668407183]"[latinmodern-math.otf]:mode=base;script=math;language=dflt;mathfontdimen=xetex;mathfontdimen=tex3;"

LaTeX Font Info:    Encoding `OMX' has changed to `TU' for symbol font
(Font)              `largesymbols' in the math version `normal' on input line 229.
LaTeX Font Info:    Overwriting symbol font `largesymbols' in version `normal'
(Font)                  OMX/lmex/m/n --> TU/latinmodern-math.otf(3)/m/n on input line 229.
LaTeX Font Info:    Encoding `OMX' has changed to `TU' for symbol font
(Font)              `largesymbols' in the math version `bold' on input line 229.
LaTeX Font Info:    Overwriting symbol font `largesymbols' in version `bold'
(Font)                  OMX/lmex/m/n --> TU/latinmodern-math.otf(3)/b/n on input line 229.
LaTeX Font Info:    Font shape `TU/latinmodern-math.otf(1)/m/n' will be
(Font)              scaled to size 7.665pt on input line 229.
LaTeX Font Info:    Font shape `TU/latinmodern-math.otf(1)/m/n' will be
(Font)              scaled to size 5.475pt on input line 229.
LaTeX Font Info:    Trying to load font information for OML+lmm on input line 229.
(c:/Users/samantha.schiano/AppData/Roaming/TinyTeX/texmf-dist/tex/latex/lm/omllmm.fd
File: omllmm.fd 2015/05/01 v1.6.1 Font defs for Latin Modern
)
LaTeX Font Info:    Font shape `TU/latinmodern-math.otf(2)/m/n' will be
(Font)              scaled to size 10.95pt on input line 229.
LaTeX Font Info:    Font shape `TU/latinmodern-math.otf(2)/m/n' will be
(Font)              scaled to size 7.665pt on input line 229.
LaTeX Font Info:    Font shape `TU/latinmodern-math.otf(2)/m/n' will be
(Font)              scaled to size 5.475pt on input line 229.
LaTeX Font Info:    Font shape `TU/latinmodern-math.otf(3)/m/n' will be
(Font)              scaled to size 10.95pt on input line 229.
LaTeX Font Info:    Font shape `TU/latinmodern-math.otf(3)/m/n' will be
(Font)              scaled to size 7.665pt on input line 229.
LaTeX Font Info:    Font shape `TU/latinmodern-math.otf(3)/m/n' will be
(Font)              scaled to size 5.475pt on input line 229.
LaTeX Font Info:    Trying to load font information for U+msa on input line 229.
(c:/Users/samantha.schiano/AppData/Roaming/TinyTeX/texmf-dist/tex/latex/amsfonts/umsa.fd
File: umsa.fd 2013/01/14 v3.01 AMS symbols A
)
LaTeX Font Info:    Trying to load font information for U+msb on input line 229.
(c:/Users/samantha.schiano/AppData/Roaming/TinyTeX/texmf-dist/tex/latex/amsfonts/umsb.fd
File: umsb.fd 2013/01/14 v3.01 AMS symbols B
)
LaTeX Info: Redefining \microtypecontext on input line 229.
Package microtype Info: Applying patch `item' on input line 229.
Package microtype Info: Applying patch `toc' on input line 229.
Package microtype Info: Applying patch `eqnum' on input line 229.
Package microtype Info: Applying patch `footnote' on input line 229.
Package microtype Info: Applying patch `verbatim' on input line 229.
LaTeX Info: Redefining \microtypesetup on input line 229.
Package microtype Info: Generating PDF output.
Package microtype Info: Character protrusion enabled (level 2).
Package microtype Info: Using protrusion set `basicmath'.
Package microtype Info: Automatic font expansion enabled (level 2),
(microtype)             stretch: 20, shrink: 20, step: 1, non-selected.
Package microtype Info: Using default expansion set `alltext-nott'.
LaTeX Info: Redefining \showhyphens on input line 229.
Package microtype Info: No adjustment of tracking.
Package microtype Info: No adjustment of spacing.
Package microtype Info: No adjustment of kerning.
(c:/Users/samantha.schiano/AppData/Roaming/TinyTeX/texmf-dist/tex/latex/microtype/mt-LatinModernRoman.cfg
File: mt-LatinModernRoman.cfg 2021/02/21 v1.1 microtype config. file: Latin Modern Roman (RS)
) (c:/Users/samantha.schiano/AppData/Roaming/TinyTeX/texmf-dist/tex/context/base/mkii/supp-pdf.mkii
[Loading MPS to PDF converter (version 2006.09.02).]
\scratchcounter=\count381
\scratchdimen=\dimen259
\scratchbox=\box80
\nofMPsegments=\count382
\nofMParguments=\count383
\everyMPshowfont=\toks35
\MPscratchCnt=\count384
\MPscratchDim=\dimen260
\MPnumerator=\count385
\makeMPintoPDFobject=\count386
\everyMPtoPDFconversion=\toks36
) (c:/Users/samantha.schiano/AppData/Roaming/TinyTeX/texmf-dist/tex/latex/epstopdf-pkg/epstopdf-base.sty
Package: epstopdf-base 2020-01-24 v2.11 Base part for package epstopdf
Package epstopdf-base Info: Redefining graphics rule for `.eps' on input line 485.
(c:/Users/samantha.schiano/AppData/Roaming/TinyTeX/texmf-dist/tex/latex/latexconfig/epstopdf-sys.cfg
File: epstopdf-sys.cfg 2010/07/13 v1.3 Configuration of (r)epstopdf for TeX Live
))

Package footnotehyper Warning: 
(footnotehyper)    Failed to analyse \@makefntext into something usable.
(footnotehyper)    Using as fall-back the article class code.
(footnotehyper)    You may try to email the author this problematic meaning:
(footnotehyper)    \long macro:#1->\ExecuteDoHook {footnote/text/begin}\raggedfootnote \leftskip 1.5em \l@addto@macro \@trivlist {\ifnum \@listdepth =\@ne \advance \leftmargin 1.5em\relax \fi }\parindent 1em\noindent \IfArgIsEmpty {1em}{}{\hskip \dimexpr 1em-1.5em\relax }\ftn@font \@makefntext@processX {\hbox to \z@ }{\hss \@@makefnmark }\UseSocket {tagsupport/fntext/text}{#1}\ExecuteDoHook {footnote/text/end}
(footnotehyper)    together with the document preamble (in particular if
(footnotehyper)    footnote numbers do not show at bottom of page).

Package soulpos Info: Loading soulutf8 on input line 229.
(c:/Users/samantha.schiano/AppData/Roaming/TinyTeX/texmf-dist/tex/generic/soul/soulutf8.sty
Package: soulutf8 2023-06-14 v3.1 Permit use of UTF-8 characters in soul (HO)

Package soulutf8 Warning: This package is obsolete,
(soulutf8)                use the soul package directly. 
(soulutf8)                 on input line 29.

) (c:/Users/samantha.schiano/AppData/Roaming/TinyTeX/texmf-dist/tex/generic/soul/soul.sty
Package: soul 2023-06-14 v3.1 Permit use of UTF-8 characters in soul (HO)
(c:/Users/samantha.schiano/AppData/Roaming/TinyTeX/texmf-dist/tex/generic/soul/soul-ori.sty
Package: soul-ori 2023-06-14 v3.1 letterspacing/underlining (mf)
\SOUL@word=\toks37
\SOUL@lasttoken=\toks38
\SOUL@syllable=\toks39
\SOUL@cmds=\toks40
\SOUL@buffer=\toks41
\SOUL@token=\toks42
\SOUL@syllgoal=\dimen261
\SOUL@syllwidth=\dimen262
\SOUL@charkern=\dimen263
\SOUL@hyphkern=\dimen264
\SOUL@dimen=\dimen265
\SOUL@dimeni=\dimen266
\SOUL@minus=\count387
\SOUL@comma=\count388
\SOUL@apo=\count389
\SOUL@grave=\count390
\SOUL@spaceskip=\skip106
\SOUL@ttwidth=\dimen267
\SOUL@uldp=\dimen268
\SOUL@ulht=\dimen269
))
Package hyperref Info: Link coloring OFF on input line 229.
*geometry* driver: auto-detecting
*geometry* detected driver: luatex
*geometry* verbose mode - [ preamble ] result:
* driver: luatex
* paper: <default>
* layout: <same size as paper>
* layoutoffset:(h,v)=(0.0pt,0.0pt)
* modes: 
* h-part:(L,W,R)=(89.6271pt, 418.25372pt, 89.6271pt)
* v-part:(T,H,B)=(101.40665pt, 591.53027pt, 152.11002pt)
* \paperwidth=597.50793pt
* \paperheight=845.04694pt
* \textwidth=418.25372pt
* \textheight=591.53027pt
* \oddsidemargin=17.35712pt
* \evensidemargin=17.35712pt
* \topmargin=-8.26335pt
* \headheight=17.0pt
* \headsep=20.40001pt
* \topskip=11.0pt
* \footskip=47.6pt
* \marginparwidth=59.7508pt
* \marginparsep=12.8401pt
* \columnsep=10.0pt
* \skip\footins=10.0pt plus 4.0pt minus 2.0pt
* \hoffset=0.0pt
* \voffset=0.0pt
* \mag=1000
* \@twocolumnfalse
* \@twosidefalse
* \@mparswitchfalse
* \@reversemarginfalse
* (1in=72.27pt=25.4mm, 1cm=28.453pt)

Package caption Info: Begin \AtBeginDocument code.
Package caption Info: float package is loaded.
Package caption Info: End \AtBeginDocument code.
Removing  `Babel.pre_otfload_h' from `hpack_filter'.
Removing  `luaotfload.node_processor' from `hpack_filter'.
Removing  `luaotfload.harf.finalize_hlist' from `hpack_filter'.
Removing  `markspaces' from `hpack_filter'.
Removing  `mathml amsmath processing' from `hpack_filter'.
Inserting `Babel.math_box_dir' in `hpack_filter'.
Inserting `Babel.pre_otfload_h' in `hpack_filter'.
Inserting `luaotfload.node_processor' in `hpack_filter'.
Inserting `luaotfload.harf.finalize_hlist' in `hpack_filter'.
Inserting `markspaces' in `hpack_filter'.
Inserting `mathml amsmath processing' in `hpack_filter'.
Inserting `Babel.unset_atdir' in `pre_linebreak_filter'.
Inserting `Babel.unset_atdir' in `hpack_filter'.
Package luamml Info: patching \common@align@ending on input line 229.
<<sRGB.icc>>
\g__math_luamml_iow=\write4

\openout4 = accessibility_reprex-luamml-mathml.html

Package tagpdf Info: luamml has been enabled and will create an MathML file.

*geometry* verbose mode - [ newgeometry ] result:
* driver: luatex
* paper: <default>
* layout: <same size as paper>
* layoutoffset:(h,v)=(0.0pt,0.0pt)
* modes: 
* h-part:(L,W,R)=(72.26999pt, 452.96796pt, 72.26999pt)
* v-part:(T,H,B)=(144.54pt, 628.23695pt, 72.26999pt)
* \paperwidth=597.50793pt
* \paperheight=845.04694pt
* \textwidth=452.96796pt
* \textheight=628.23695pt
* \oddsidemargin=0.0pt
* \evensidemargin=0.0pt
* \topmargin=34.87pt
* \headheight=17.0pt
* \headsep=20.40001pt
* \topskip=11.0pt
* \footskip=47.6pt
* \marginparwidth=59.7508pt
* \marginparsep=12.8401pt
* \columnsep=10.0pt
* \skip\footins=10.0pt plus 4.0pt minus 2.0pt
* \hoffset=0.0pt
* \voffset=0.0pt
* \mag=1000
* \@twocolumnfalse
* \@twosidefalse
* \@mparswitchfalse
* \@reversemarginfalse
* (1in=72.27pt=25.4mm, 1cm=28.453pt)

<partials/Petrale_sole.png, id=37, 602.25pt x 402.00188pt>
File: partials/Petrale_sole.png Graphicfile(typepng)
<use partials/Petrale_sole.png>
Package luatex.def Info: partials/Petrale_sole.png  used on input line 253.
(luatex.def)             Requested size: 602.24852pt x 402.00089pt.

Overfull \hbox (149.28056pt too wide) in paragraph at lines 253--255
[][][][][] 
 []

<partials/us_doc_logo.png, id=45, 353.32pt x 343.2825pt>

Package tagpdf Warning: Alternative text for graphic is missing.
(tagpdf)                Using the file name 'partials/us_doc_logo.png'
(tagpdf)                instead.

File: partials/us_doc_logo.png Graphicfile(typepng)
<use partials/us_doc_logo.png>
Package luatex.def Info: partials/us_doc_logo.png  used on input line 298.
(luatex.def)             Requested size: 56.9055pt x 55.28773pt.

Overfull \vbox (127.93893pt too high) detected at line 304
 []


Overfull \hbox (10.95pt too wide) in paragraph at lines 236--305
[][] 
 []



(c:/Users/samantha.schiano/AppData/Roaming/TinyTeX/texmf-dist/tex/generic/stringenc/se-ascii-print.def
File: se-ascii-print.def 2019/11/29 v1.12 stringenc: Printable ASCII characters
) [1


\openout3 = accessibility_reprex.upa

{c:/Users/samantha.schiano/AppData/Roaming/TinyTeX/texmf-var/fonts/map/pdftex/updmap/pdftex.map}<./partials/Petrale_sole.png><./partials/us_doc_logo.png>]

Class scrartcl Warning: Incompatible usage of \@ssect detected.
(scrartcl)              You've used the KOMA-Script implementation of \@ssect
(scrartcl)              from within a non compatible caller, that does not
(scrartcl)              \scr@s@ct@@nn@m@ locally.
(scrartcl)              This could result in several error messages on input line 312.

LaTeX Font Info:    Font shape `TU/ArialNarrow(0)/m/n' will be
(Font)              scaled to size 9.10121pt on input line 312.
Package microtype Info: Loading generic protrusion settings for font family
(microtype)             `ArialNarrow' (encoding: TU).
(microtype)             For optimal results, create family-specific settings.
(microtype)             See the microtype manual for details.

LaTeX Font Warning: Font shape `TU/ArialNarrow(0)/b/n' undefined
(Font)              using `TU/ArialNarrow(0)/m/n' instead on input line 312.

LaTeX Font Info:    Font shape `TU/ArialNarrow(0)/b/n' will be
(Font)              scaled to size 11.96872pt on input line 312.
Package tocbasic Info: character protrusion at toc deactivated on input line 312.
(./accessibility_reprex.toc
LaTeX Font Info:    Font shape `TU/ArialNarrow(0)/b/n' will be
(Font)              scaled to size 9.10121pt on input line 2.
)
\tf@toc=\write5

\openout5 = accessibility_reprex.toc

Class scrartcl Warning: Incompatible usage of \@ssect detected.
(scrartcl)              You've used the KOMA-Script implementation of \@ssect
(scrartcl)              from within a non compatible caller, that does not
(scrartcl)              \scr@s@ct@@nn@m@ locally.
(scrartcl)              This could result in several error messages on input line 314.

Package tocbasic Info: character protrusion at lof deactivated on input line 314.
(./accessibility_reprex.lof)
\tf@lof=\write6

\openout6 = accessibility_reprex.lof

Class scrartcl Warning: Incompatible usage of \@ssect detected.
(scrartcl)              You've used the KOMA-Script implementation of \@ssect
(scrartcl)              from within a non compatible caller, that does not
(scrartcl)              \scr@s@ct@@nn@m@ locally.
(scrartcl)              This could result in several error messages on input line 315.

Package tocbasic Info: character protrusion at lot deactivated on input line 315.
(./accessibility_reprex.lot)
\tf@lot=\write7

\openout7 = accessibility_reprex.lot


LaTeX Font Info:    Font shape `TU/latinmodern-math.otf(1)/m/n' will be
(Font)              scaled to size 10.0pt on input line 317.
LaTeX Font Info:    Font shape `TU/latinmodern-math.otf(1)/m/n' will be
(Font)              scaled to size 7.0pt on input line 317.
LaTeX Font Info:    Font shape `TU/latinmodern-math.otf(1)/m/n' will be
(Font)              scaled to size 5.0pt on input line 317.
LaTeX Font Info:    Font shape `TU/latinmodern-math.otf(2)/m/n' will be
(Font)              scaled to size 10.0pt on input line 317.
LaTeX Font Info:    Font shape `TU/latinmodern-math.otf(2)/m/n' will be
(Font)              scaled to size 7.0pt on input line 317.
LaTeX Font Info:    Font shape `TU/latinmodern-math.otf(2)/m/n' will be
(Font)              scaled to size 5.0pt on input line 317.
LaTeX Font Info:    Font shape `TU/latinmodern-math.otf(3)/m/n' will be
(Font)              scaled to size 10.0pt on input line 317.
LaTeX Font Info:    Font shape `TU/latinmodern-math.otf(3)/m/n' will be
(Font)              scaled to size 7.0pt on input line 317.
LaTeX Font Info:    Font shape `TU/latinmodern-math.otf(3)/m/n' will be
(Font)              scaled to size 5.0pt on input line 317.
(c:/Users/samantha.schiano/AppData/Roaming/TinyTeX/texmf-dist/tex/latex/microtype/mt-msa.cfg
File: mt-msa.cfg 2006/02/04 v1.1 microtype config. file: AMS symbols (a) (RS)
) (c:/Users/samantha.schiano/AppData/Roaming/TinyTeX/texmf-dist/tex/latex/microtype/mt-msb.cfg
File: mt-msb.cfg 2005/06/01 v1.0 microtype config. file: AMS symbols (b) (RS)
) [2

]

[3]

[4]

[5]
LaTeX Font Info:    Font shape `TU/ArialNarrow(0)/b/n' will be
(Font)              scaled to size 9.97394pt on input line 462.


[6]
Floatstructure:136
<accessibility_reprex_files/figure-pdf/fig-landings-1.png, id=219, 381.3447pt x 240.9pt>
File: accessibility_reprex_files/figure-pdf/fig-landings-1.png Graphicfile(typepng)
<use accessibility_reprex_files/figure-pdf/fig-landings-1.png>
Package luatex.def Info: accessibility_reprex_files/figure-pdf/fig-landings-1.png  used on input line 523.
(luatex.def)             Requested size: 381.34375pt x 240.8994pt.
Floatstructure:143
<figures/example-external-img.png, id=227, 505.89pt x 361.35pt>
File: figures/example-external-img.png Graphicfile(typepng)
<use figures/example-external-img.png>
Package luatex.def Info: figures/example-external-img.png  used on input line 535.
(luatex.def)             Requested size: 505.88875pt x 361.34912pt.


[7]

[8<./accessibility_reprex_files/figure-pdf/fig-landings-1.png>]

[9<./figures/example-external-img.png>] (./accessibility_reprex.aux * soulpos - computing points - it may take a few seconds *
\openout3 = accessibility_reprex.upb
 (./accessibility_reprex.upa))
 ***********
LaTeX2e <2024-11-01> patch level 2
L3 programming layer <2025-01-18>
 ***********

LaTeX Font Warning: Some font shapes were not available, defaults substituted.

MathML statistic
================
==> 0 MathML fragments read
==> 0 different MathML fragments
==> 0 math fragments found
==> 0 fitting MathML AF found
==> 0 MathML AF attached

Package tagpdf Info: Finalizing the tagging structure:
(tagpdf)             Writing out ~149 structure objects
(tagpdf)             with ~87 'MC' leaf nodes.
(tagpdf)             Be patient if there are lots of objects!

Package tagpdf Info: writing ParentTree
Package tagpdf Info: writing IDTree
Package tagpdf Info: writing RoleMap
Package tagpdf Info: writing ClassMap
Package tagpdf Info: writing NameSpaces
Package tagpdf Info: writing StructElems

Package tagpdf Warning: Destination 'figure.caption.2' has no related
(tagpdf)                structure.
(tagpdf)                /Ref not updated.


Package tagpdf Warning: Destination 'figure.caption.3' has no related
(tagpdf)                structure.
(tagpdf)                /Ref not updated.

Package tagpdf Info: writing Root
)

Here is how much of LuaTeX's memory you used:
 40069 strings out of 475512
 195792,2373549 words of node,token memory allocated
 4184 words of node memory still in use:
   9 hlist, 2 vlist, 2 rule, 1 disc, 1 local_par, 9 glue, 7 kern, 1 penalty, 33 glyph, 1315 attribute, 77 glue_spec, 315 attribute_list, 1 write, 1 user_defined nodes
   avail lists: 1:12,2:35584,3:399,4:102,5:508,6:81,7:10314,8:2,9:492,10:19,11:650,12:1
 62161 multiletter control sequences out of 65536+600000
 71 fonts using 19968019 bytes
 108i,20n,117p,10985b,861s stack positions out of 10000i,1000n,20000p,200000b,200000s
<c:/Users/samantha.schiano/AppData/Roaming/TinyTeX/texmf-dist/fonts/opentype/public/lm/lmroman10-italic.otf><c:/Users/samantha.schiano/AppData/Roaming/TinyTeX/texmf-dist/fonts/opentype/public/lm/lmroman10-bold.otf><c:/Windows/Fonts/ARIALN.TTF><c:/Users/samantha.schiano/AppData/Roaming/TinyTeX/texmf-dist/fonts/opentype/public/lm/lmroman10-regular.otf><c:/Users/samantha.schiano/AppData/Roaming/TinyTeX/texmf-dist/fonts/opentype/public/lm/lmroman8-regular.otf><c:/Users/samantha.schiano/AppData/Roaming/TinyTeX/texmf-dist/fonts/opentype/public/lm/lmroman12-regular.otf><c:/Users/samantha.schiano/AppData/Roaming/TinyTeX/texmf-dist/fonts/opentype/public/lm/lmroman12-bold.otf>
Output written on accessibility_reprex.pdf (9 pages, 698971 bytes).

PDF statistics: 352 PDF objects out of 1000 (max. 8388607)
 74 compressed objects within 1 object stream
 29 named destinations out of 1000 (max. 131072)
 950 words of extra memory for PDF output out of 10000 (max. 100000000)

